  [1m[35m (821.9ms)[0m  [1m[35mCREATE DATABASE "music_app_development" ENCODING = 'unicode'[0m
  ↳ bin/rails:9
  [1m[35m (245.7ms)[0m  [1m[35mCREATE DATABASE "music_app_test" ENCODING = 'unicode'[0m
  ↳ bin/rails:9
  [1m[35m (158.5ms)[0m  [1m[35mCREATE TABLE "schema_migrations" ("version" character varying NOT NULL PRIMARY KEY)[0m
  ↳ bin/rails:9
  [1m[35m (65.1ms)[0m  [1m[35mCREATE TABLE "ar_internal_metadata" ("key" character varying NOT NULL PRIMARY KEY, "value" character varying, "created_at" timestamp NOT NULL, "updated_at" timestamp NOT NULL)[0m
  ↳ bin/rails:9
  [1m[35m (0.3ms)[0m  [1m[34mSELECT pg_try_advisory_lock(4505726345591715405)[0m
  ↳ bin/rails:9
  [1m[35m (4.4ms)[0m  [1m[34mSELECT "schema_migrations"."version" FROM "schema_migrations" ORDER BY "schema_migrations"."version" ASC[0m
  ↳ bin/rails:9
Migrating to CreateBands (20190502141229)
  [1m[35m (0.2ms)[0m  [1m[35mBEGIN[0m
  ↳ bin/rails:9
  [1m[35m (35.5ms)[0m  [1m[35mCREATE TABLE "bands" ("id" bigserial primary key, "name" character varying NOT NULL, "created_at" timestamp NOT NULL, "updated_at" timestamp NOT NULL)[0m
  ↳ db/migrate/20190502141229_create_bands.rb:3
  [1m[35m (1.3ms)[0m  [1m[35mCREATE UNIQUE INDEX  "index_bands_on_name" ON "bands"  ("name")[0m
  ↳ db/migrate/20190502141229_create_bands.rb:8
  [1m[36mActiveRecord::SchemaMigration Create (0.6ms)[0m  [1m[32mINSERT INTO "schema_migrations" ("version") VALUES ($1) RETURNING "version"[0m  [["version", "20190502141229"]]
  ↳ bin/rails:9
  [1m[35m (0.5ms)[0m  [1m[35mCOMMIT[0m
  ↳ bin/rails:9
Migrating to CreateAlbums (20190502141255)
  [1m[35m (15.5ms)[0m  [1m[35mBEGIN[0m
  ↳ bin/rails:9
  [1m[35m (33.1ms)[0m  [1m[35mCREATE TABLE "albums" ("id" bigserial primary key, "title" character varying NOT NULL, "year" integer NOT NULL, "band_id" integer NOT NULL, "studio" boolean DEFAULT TRUE, "created_at" timestamp NOT NULL, "updated_at" timestamp NOT NULL)[0m
  ↳ db/migrate/20190502141255_create_albums.rb:3
  [1m[35m (1.4ms)[0m  [1m[35mCREATE UNIQUE INDEX  "index_albums_on_title" ON "albums"  ("title")[0m
  ↳ db/migrate/20190502141255_create_albums.rb:11
  [1m[35m (1.8ms)[0m  [1m[35mCREATE  INDEX  "index_albums_on_year" ON "albums"  ("year")[0m
  ↳ db/migrate/20190502141255_create_albums.rb:12
  [1m[35m (2.6ms)[0m  [1m[35mCREATE UNIQUE INDEX  "index_albums_on_band_id" ON "albums"  ("band_id")[0m
  ↳ db/migrate/20190502141255_create_albums.rb:13
  [1m[36mActiveRecord::SchemaMigration Create (0.9ms)[0m  [1m[32mINSERT INTO "schema_migrations" ("version") VALUES ($1) RETURNING "version"[0m  [["version", "20190502141255"]]
  ↳ bin/rails:9
  [1m[35m (1.8ms)[0m  [1m[35mCOMMIT[0m
  ↳ bin/rails:9
Migrating to CreateTracks (20190502141318)
  [1m[35m (15.0ms)[0m  [1m[35mBEGIN[0m
  ↳ bin/rails:9
  [1m[35m (6.1ms)[0m  [1m[35mCREATE TABLE "tracks" ("id" bigserial primary key, "title" character varying NOT NULL, "ord" integer NOT NULL, "lyrics" text, "bonus" boolean DEFAULT FALSE, "album_id" integer NOT NULL)[0m
  ↳ db/migrate/20190502141318_create_tracks.rb:3
  [1m[35m (1.4ms)[0m  [1m[35mCREATE  INDEX  "index_tracks_on_title" ON "tracks"  ("title")[0m
  ↳ db/migrate/20190502141318_create_tracks.rb:10
  [1m[35m (1.9ms)[0m  [1m[35mCREATE  INDEX  "index_tracks_on_ord" ON "tracks"  ("ord")[0m
  ↳ db/migrate/20190502141318_create_tracks.rb:11
  [1m[35m (1.6ms)[0m  [1m[35mCREATE UNIQUE INDEX  "index_tracks_on_album_id" ON "tracks"  ("album_id")[0m
  ↳ db/migrate/20190502141318_create_tracks.rb:12
  [1m[36mActiveRecord::SchemaMigration Create (0.7ms)[0m  [1m[32mINSERT INTO "schema_migrations" ("version") VALUES ($1) RETURNING "version"[0m  [["version", "20190502141318"]]
  ↳ bin/rails:9
  [1m[35m (1.0ms)[0m  [1m[35mCOMMIT[0m
  ↳ bin/rails:9
Migrating to CreateUsers (20190502141725)
  [1m[35m (15.7ms)[0m  [1m[35mBEGIN[0m
  ↳ bin/rails:9
  [1m[35m (39.9ms)[0m  [1m[35mCREATE TABLE "users" ("id" bigserial primary key, "email" character varying NOT NULL, "password_digest" character varying NOT NULL, "session_token" character varying NOT NULL, "created_at" timestamp NOT NULL, "updated_at" timestamp NOT NULL)[0m
  ↳ db/migrate/20190502141725_create_users.rb:3
  [1m[35m (1.5ms)[0m  [1m[35mCREATE UNIQUE INDEX  "index_users_on_email" ON "users"  ("email")[0m
  ↳ db/migrate/20190502141725_create_users.rb:10
  [1m[35m (1.9ms)[0m  [1m[35mCREATE UNIQUE INDEX  "index_users_on_session_token" ON "users"  ("session_token")[0m
  ↳ db/migrate/20190502141725_create_users.rb:11
  [1m[36mActiveRecord::SchemaMigration Create (0.5ms)[0m  [1m[32mINSERT INTO "schema_migrations" ("version") VALUES ($1) RETURNING "version"[0m  [["version", "20190502141725"]]
  ↳ bin/rails:9
  [1m[35m (1.8ms)[0m  [1m[35mCOMMIT[0m
  ↳ bin/rails:9
  [1m[36mActiveRecord::InternalMetadata Load (0.6ms)[0m  [1m[34mSELECT  "ar_internal_metadata".* FROM "ar_internal_metadata" WHERE "ar_internal_metadata"."key" = $1 LIMIT $2[0m  [["key", "environment"], ["LIMIT", 1]]
  ↳ bin/rails:9
  [1m[35m (0.2ms)[0m  [1m[35mBEGIN[0m
  ↳ bin/rails:9
  [1m[36mActiveRecord::InternalMetadata Create (0.7ms)[0m  [1m[32mINSERT INTO "ar_internal_metadata" ("key", "value", "created_at", "updated_at") VALUES ($1, $2, $3, $4) RETURNING "key"[0m  [["key", "environment"], ["value", "development"], ["created_at", "2019-05-02 14:36:54.216007"], ["updated_at", "2019-05-02 14:36:54.216007"]]
  ↳ bin/rails:9
  [1m[35m (0.4ms)[0m  [1m[35mCOMMIT[0m
  ↳ bin/rails:9
  [1m[35m (0.3ms)[0m  [1m[34mSELECT pg_advisory_unlock(4505726345591715405)[0m
  ↳ bin/rails:9
  [1m[35m (0.5ms)[0m  [1m[34mSELECT "schema_migrations"."version" FROM "schema_migrations" ORDER BY "schema_migrations"."version" ASC[0m
  ↳ bin/rails:9
  [1m[35m (1.1ms)[0m  [1m[34mSELECT "schema_migrations"."version" FROM "schema_migrations" ORDER BY "schema_migrations"."version" ASC[0m
  ↳ /Users/aa/.rbenv/versions/2.5.1/bin/annotate:23
  [1m[35m (0.9ms)[0m  [1m[34mSELECT "schema_migrations"."version" FROM "schema_migrations" ORDER BY "schema_migrations"."version" ASC[0m
  ↳ /Users/aa/.rbenv/versions/2.5.1/bin/annotate:23
Started GET "/" for ::1 at 2019-05-02 15:09:45 -0400
  [1m[35m (1.5ms)[0m  [1m[34mSELECT "schema_migrations"."version" FROM "schema_migrations" ORDER BY "schema_migrations"."version" ASC[0m
  ↳ /Users/aa/.rbenv/versions/2.5.1/lib/ruby/gems/2.5.0/gems/activerecord-5.2.3/lib/active_record/log_subscriber.rb:98
Processing by Rails::WelcomeController#index as HTML
  Rendering /Users/aa/.rbenv/versions/2.5.1/lib/ruby/gems/2.5.0/gems/railties-5.2.3/lib/rails/templates/rails/welcome/index.html.erb
  Rendered /Users/aa/.rbenv/versions/2.5.1/lib/ruby/gems/2.5.0/gems/railties-5.2.3/lib/rails/templates/rails/welcome/index.html.erb (6.7ms)
Completed 200 OK in 60ms (Views: 43.4ms | ActiveRecord: 0.0ms)


Started GET "/users" for ::1 at 2019-05-02 15:09:56 -0400
  
ActionController::RoutingError (No route matches [GET] "/users"):
  
actionpack (5.2.3) lib/action_dispatch/middleware/debug_exceptions.rb:65:in `call'
web-console (3.7.0) lib/web_console/middleware.rb:135:in `call_app'
web-console (3.7.0) lib/web_console/middleware.rb:30:in `block in call'
web-console (3.7.0) lib/web_console/middleware.rb:20:in `catch'
web-console (3.7.0) lib/web_console/middleware.rb:20:in `call'
actionpack (5.2.3) lib/action_dispatch/middleware/show_exceptions.rb:33:in `call'
railties (5.2.3) lib/rails/rack/logger.rb:38:in `call_app'
railties (5.2.3) lib/rails/rack/logger.rb:26:in `block in call'
activesupport (5.2.3) lib/active_support/tagged_logging.rb:71:in `block in tagged'
activesupport (5.2.3) lib/active_support/tagged_logging.rb:28:in `tagged'
activesupport (5.2.3) lib/active_support/tagged_logging.rb:71:in `tagged'
railties (5.2.3) lib/rails/rack/logger.rb:26:in `call'
sprockets-rails (3.2.1) lib/sprockets/rails/quiet_assets.rb:13:in `call'
actionpack (5.2.3) lib/action_dispatch/middleware/remote_ip.rb:81:in `call'
actionpack (5.2.3) lib/action_dispatch/middleware/request_id.rb:27:in `call'
rack (2.0.7) lib/rack/method_override.rb:22:in `call'
rack (2.0.7) lib/rack/runtime.rb:22:in `call'
activesupport (5.2.3) lib/active_support/cache/strategy/local_cache_middleware.rb:29:in `call'
actionpack (5.2.3) lib/action_dispatch/middleware/executor.rb:14:in `call'
actionpack (5.2.3) lib/action_dispatch/middleware/static.rb:127:in `call'
rack (2.0.7) lib/rack/sendfile.rb:111:in `call'
railties (5.2.3) lib/rails/engine.rb:524:in `call'
puma (3.12.1) lib/puma/configuration.rb:227:in `call'
puma (3.12.1) lib/puma/server.rb:660:in `handle_request'
puma (3.12.1) lib/puma/server.rb:474:in `process_client'
puma (3.12.1) lib/puma/server.rb:334:in `block in run'
puma (3.12.1) lib/puma/thread_pool.rb:135:in `block in spawn_thread'
Started GET "/users/new" for ::1 at 2019-05-02 15:10:01 -0400
Processing by UsersController#new as HTML
  Rendering users/new.html.erb within layouts/application
  Rendered users/new.html.erb within layouts/application (7.2ms)
Completed 500 Internal Server Error in 118ms (ActiveRecord: 12.7ms)


  
ActionView::Template::Error (undefined method `name' for #<User:0x00007fbc94936e50>):
     9:     <input type="text"
    10:             id="email"
    11:             name="user[email]"
    12:             value="<%= @user.name %>">
    13:     <label for="password">PASSWORD
    14:     </label>
    15:     <input type="text"
  
app/views/users/new.html.erb:12:in `_app_views_users_new_html_erb___667107639292643334_70223983760340'
app/controllers/users_controller.rb:4:in `new'
Started GET "/users/new" for ::1 at 2019-05-02 15:12:06 -0400
Processing by UsersController#new as HTML
  Rendering users/new.html.erb within layouts/application
  Rendered users/new.html.erb within layouts/application (1.0ms)
Completed 200 OK in 708ms (Views: 659.1ms | ActiveRecord: 10.1ms)


Started POST "/users" for ::1 at 2019-05-02 15:14:05 -0400
Processing by UsersController#create as HTML
  Parameters: {"user"=>{"email"=>"swag@swag.swag", "password"=>"[FILTERED]"}}
Can't verify CSRF token authenticity.
Completed 422 Unprocessable Entity in 1ms (ActiveRecord: 0.0ms)


  
ActionController::InvalidAuthenticityToken (ActionController::InvalidAuthenticityToken):
  
actionpack (5.2.3) lib/action_controller/metal/request_forgery_protection.rb:211:in `handle_unverified_request'
actionpack (5.2.3) lib/action_controller/metal/request_forgery_protection.rb:243:in `handle_unverified_request'
actionpack (5.2.3) lib/action_controller/metal/request_forgery_protection.rb:238:in `verify_authenticity_token'
activesupport (5.2.3) lib/active_support/callbacks.rb:426:in `block in make_lambda'
activesupport (5.2.3) lib/active_support/callbacks.rb:198:in `block (2 levels) in halting'
actionpack (5.2.3) lib/abstract_controller/callbacks.rb:34:in `block (2 levels) in <module:Callbacks>'
activesupport (5.2.3) lib/active_support/callbacks.rb:199:in `block in halting'
activesupport (5.2.3) lib/active_support/callbacks.rb:513:in `block in invoke_before'
activesupport (5.2.3) lib/active_support/callbacks.rb:513:in `each'
activesupport (5.2.3) lib/active_support/callbacks.rb:513:in `invoke_before'
activesupport (5.2.3) lib/active_support/callbacks.rb:131:in `run_callbacks'
actionpack (5.2.3) lib/abstract_controller/callbacks.rb:41:in `process_action'
actionpack (5.2.3) lib/action_controller/metal/rescue.rb:22:in `process_action'
actionpack (5.2.3) lib/action_controller/metal/instrumentation.rb:34:in `block in process_action'
activesupport (5.2.3) lib/active_support/notifications.rb:168:in `block in instrument'
activesupport (5.2.3) lib/active_support/notifications/instrumenter.rb:23:in `instrument'
activesupport (5.2.3) lib/active_support/notifications.rb:168:in `instrument'
actionpack (5.2.3) lib/action_controller/metal/instrumentation.rb:32:in `process_action'
actionpack (5.2.3) lib/action_controller/metal/params_wrapper.rb:256:in `process_action'
activerecord (5.2.3) lib/active_record/railties/controller_runtime.rb:24:in `process_action'
actionpack (5.2.3) lib/abstract_controller/base.rb:134:in `process'
actionview (5.2.3) lib/action_view/rendering.rb:32:in `process'
actionpack (5.2.3) lib/action_controller/metal.rb:191:in `dispatch'
actionpack (5.2.3) lib/action_controller/metal.rb:252:in `dispatch'
actionpack (5.2.3) lib/action_dispatch/routing/route_set.rb:52:in `dispatch'
actionpack (5.2.3) lib/action_dispatch/routing/route_set.rb:34:in `serve'
actionpack (5.2.3) lib/action_dispatch/journey/router.rb:52:in `block in serve'
actionpack (5.2.3) lib/action_dispatch/journey/router.rb:35:in `each'
actionpack (5.2.3) lib/action_dispatch/journey/router.rb:35:in `serve'
actionpack (5.2.3) lib/action_dispatch/routing/route_set.rb:840:in `call'
rack (2.0.7) lib/rack/tempfile_reaper.rb:15:in `call'
rack (2.0.7) lib/rack/etag.rb:25:in `call'
rack (2.0.7) lib/rack/conditional_get.rb:38:in `call'
rack (2.0.7) lib/rack/head.rb:12:in `call'
actionpack (5.2.3) lib/action_dispatch/http/content_security_policy.rb:18:in `call'
rack (2.0.7) lib/rack/session/abstract/id.rb:232:in `context'
rack (2.0.7) lib/rack/session/abstract/id.rb:226:in `call'
actionpack (5.2.3) lib/action_dispatch/middleware/cookies.rb:670:in `call'
activerecord (5.2.3) lib/active_record/migration.rb:559:in `call'
actionpack (5.2.3) lib/action_dispatch/middleware/callbacks.rb:28:in `block in call'
activesupport (5.2.3) lib/active_support/callbacks.rb:98:in `run_callbacks'
actionpack (5.2.3) lib/action_dispatch/middleware/callbacks.rb:26:in `call'
actionpack (5.2.3) lib/action_dispatch/middleware/executor.rb:14:in `call'
actionpack (5.2.3) lib/action_dispatch/middleware/debug_exceptions.rb:61:in `call'
web-console (3.7.0) lib/web_console/middleware.rb:135:in `call_app'
web-console (3.7.0) lib/web_console/middleware.rb:30:in `block in call'
web-console (3.7.0) lib/web_console/middleware.rb:20:in `catch'
web-console (3.7.0) lib/web_console/middleware.rb:20:in `call'
actionpack (5.2.3) lib/action_dispatch/middleware/show_exceptions.rb:33:in `call'
railties (5.2.3) lib/rails/rack/logger.rb:38:in `call_app'
railties (5.2.3) lib/rails/rack/logger.rb:26:in `block in call'
activesupport (5.2.3) lib/active_support/tagged_logging.rb:71:in `block in tagged'
activesupport (5.2.3) lib/active_support/tagged_logging.rb:28:in `tagged'
activesupport (5.2.3) lib/active_support/tagged_logging.rb:71:in `tagged'
railties (5.2.3) lib/rails/rack/logger.rb:26:in `call'
sprockets-rails (3.2.1) lib/sprockets/rails/quiet_assets.rb:13:in `call'
actionpack (5.2.3) lib/action_dispatch/middleware/remote_ip.rb:81:in `call'
actionpack (5.2.3) lib/action_dispatch/middleware/request_id.rb:27:in `call'
rack (2.0.7) lib/rack/method_override.rb:22:in `call'
rack (2.0.7) lib/rack/runtime.rb:22:in `call'
activesupport (5.2.3) lib/active_support/cache/strategy/local_cache_middleware.rb:29:in `call'
actionpack (5.2.3) lib/action_dispatch/middleware/executor.rb:14:in `call'
actionpack (5.2.3) lib/action_dispatch/middleware/static.rb:127:in `call'
rack (2.0.7) lib/rack/sendfile.rb:111:in `call'
railties (5.2.3) lib/rails/engine.rb:524:in `call'
puma (3.12.1) lib/puma/configuration.rb:227:in `call'
puma (3.12.1) lib/puma/server.rb:660:in `handle_request'
puma (3.12.1) lib/puma/server.rb:474:in `process_client'
puma (3.12.1) lib/puma/server.rb:334:in `block in run'
puma (3.12.1) lib/puma/thread_pool.rb:135:in `block in spawn_thread'
Started GET "/session/new" for ::1 at 2019-05-02 15:14:47 -0400
Processing by SessionsController#new as HTML
  Rendering sessions/new.html.erb within layouts/application
  Rendered sessions/new.html.erb within layouts/application (1.0ms)
Completed 200 OK in 77ms (Views: 75.7ms | ActiveRecord: 0.0ms)


Started GET "/users/new" for ::1 at 2019-05-02 15:14:58 -0400
Processing by UsersController#new as HTML
  Rendering users/new.html.erb within layouts/application
  Rendered users/new.html.erb within layouts/application (1.0ms)
Completed 200 OK in 59ms (Views: 58.0ms | ActiveRecord: 0.0ms)


Started POST "/users" for ::1 at 2019-05-02 15:15:12 -0400
Processing by UsersController#create as HTML
  Parameters: {"user"=>{"email"=>"swag@swag.swag", "password"=>"[FILTERED]"}}
Can't verify CSRF token authenticity.
Completed 422 Unprocessable Entity in 1ms (ActiveRecord: 0.0ms)


  
ActionController::InvalidAuthenticityToken (ActionController::InvalidAuthenticityToken):
  
actionpack (5.2.3) lib/action_controller/metal/request_forgery_protection.rb:211:in `handle_unverified_request'
actionpack (5.2.3) lib/action_controller/metal/request_forgery_protection.rb:243:in `handle_unverified_request'
actionpack (5.2.3) lib/action_controller/metal/request_forgery_protection.rb:238:in `verify_authenticity_token'
activesupport (5.2.3) lib/active_support/callbacks.rb:426:in `block in make_lambda'
activesupport (5.2.3) lib/active_support/callbacks.rb:198:in `block (2 levels) in halting'
actionpack (5.2.3) lib/abstract_controller/callbacks.rb:34:in `block (2 levels) in <module:Callbacks>'
activesupport (5.2.3) lib/active_support/callbacks.rb:199:in `block in halting'
activesupport (5.2.3) lib/active_support/callbacks.rb:513:in `block in invoke_before'
activesupport (5.2.3) lib/active_support/callbacks.rb:513:in `each'
activesupport (5.2.3) lib/active_support/callbacks.rb:513:in `invoke_before'
activesupport (5.2.3) lib/active_support/callbacks.rb:131:in `run_callbacks'
actionpack (5.2.3) lib/abstract_controller/callbacks.rb:41:in `process_action'
actionpack (5.2.3) lib/action_controller/metal/rescue.rb:22:in `process_action'
actionpack (5.2.3) lib/action_controller/metal/instrumentation.rb:34:in `block in process_action'
activesupport (5.2.3) lib/active_support/notifications.rb:168:in `block in instrument'
activesupport (5.2.3) lib/active_support/notifications/instrumenter.rb:23:in `instrument'
activesupport (5.2.3) lib/active_support/notifications.rb:168:in `instrument'
actionpack (5.2.3) lib/action_controller/metal/instrumentation.rb:32:in `process_action'
actionpack (5.2.3) lib/action_controller/metal/params_wrapper.rb:256:in `process_action'
activerecord (5.2.3) lib/active_record/railties/controller_runtime.rb:24:in `process_action'
actionpack (5.2.3) lib/abstract_controller/base.rb:134:in `process'
actionview (5.2.3) lib/action_view/rendering.rb:32:in `process'
actionpack (5.2.3) lib/action_controller/metal.rb:191:in `dispatch'
actionpack (5.2.3) lib/action_controller/metal.rb:252:in `dispatch'
actionpack (5.2.3) lib/action_dispatch/routing/route_set.rb:52:in `dispatch'
actionpack (5.2.3) lib/action_dispatch/routing/route_set.rb:34:in `serve'
actionpack (5.2.3) lib/action_dispatch/journey/router.rb:52:in `block in serve'
actionpack (5.2.3) lib/action_dispatch/journey/router.rb:35:in `each'
actionpack (5.2.3) lib/action_dispatch/journey/router.rb:35:in `serve'
actionpack (5.2.3) lib/action_dispatch/routing/route_set.rb:840:in `call'
rack (2.0.7) lib/rack/tempfile_reaper.rb:15:in `call'
rack (2.0.7) lib/rack/etag.rb:25:in `call'
rack (2.0.7) lib/rack/conditional_get.rb:38:in `call'
rack (2.0.7) lib/rack/head.rb:12:in `call'
actionpack (5.2.3) lib/action_dispatch/http/content_security_policy.rb:18:in `call'
rack (2.0.7) lib/rack/session/abstract/id.rb:232:in `context'
rack (2.0.7) lib/rack/session/abstract/id.rb:226:in `call'
actionpack (5.2.3) lib/action_dispatch/middleware/cookies.rb:670:in `call'
activerecord (5.2.3) lib/active_record/migration.rb:559:in `call'
actionpack (5.2.3) lib/action_dispatch/middleware/callbacks.rb:28:in `block in call'
activesupport (5.2.3) lib/active_support/callbacks.rb:98:in `run_callbacks'
actionpack (5.2.3) lib/action_dispatch/middleware/callbacks.rb:26:in `call'
actionpack (5.2.3) lib/action_dispatch/middleware/executor.rb:14:in `call'
actionpack (5.2.3) lib/action_dispatch/middleware/debug_exceptions.rb:61:in `call'
web-console (3.7.0) lib/web_console/middleware.rb:135:in `call_app'
web-console (3.7.0) lib/web_console/middleware.rb:30:in `block in call'
web-console (3.7.0) lib/web_console/middleware.rb:20:in `catch'
web-console (3.7.0) lib/web_console/middleware.rb:20:in `call'
actionpack (5.2.3) lib/action_dispatch/middleware/show_exceptions.rb:33:in `call'
railties (5.2.3) lib/rails/rack/logger.rb:38:in `call_app'
railties (5.2.3) lib/rails/rack/logger.rb:26:in `block in call'
activesupport (5.2.3) lib/active_support/tagged_logging.rb:71:in `block in tagged'
activesupport (5.2.3) lib/active_support/tagged_logging.rb:28:in `tagged'
activesupport (5.2.3) lib/active_support/tagged_logging.rb:71:in `tagged'
railties (5.2.3) lib/rails/rack/logger.rb:26:in `call'
sprockets-rails (3.2.1) lib/sprockets/rails/quiet_assets.rb:13:in `call'
actionpack (5.2.3) lib/action_dispatch/middleware/remote_ip.rb:81:in `call'
actionpack (5.2.3) lib/action_dispatch/middleware/request_id.rb:27:in `call'
rack (2.0.7) lib/rack/method_override.rb:22:in `call'
rack (2.0.7) lib/rack/runtime.rb:22:in `call'
activesupport (5.2.3) lib/active_support/cache/strategy/local_cache_middleware.rb:29:in `call'
actionpack (5.2.3) lib/action_dispatch/middleware/executor.rb:14:in `call'
actionpack (5.2.3) lib/action_dispatch/middleware/static.rb:127:in `call'
rack (2.0.7) lib/rack/sendfile.rb:111:in `call'
railties (5.2.3) lib/rails/engine.rb:524:in `call'
puma (3.12.1) lib/puma/configuration.rb:227:in `call'
puma (3.12.1) lib/puma/server.rb:660:in `handle_request'
puma (3.12.1) lib/puma/server.rb:474:in `process_client'
puma (3.12.1) lib/puma/server.rb:334:in `block in run'
puma (3.12.1) lib/puma/thread_pool.rb:135:in `block in spawn_thread'
Started GET "/users/new" for ::1 at 2019-05-02 15:21:37 -0400
Processing by UsersController#new as HTML
  Rendering users/new.html.erb within layouts/application
  Rendered users/new.html.erb within layouts/application (0.9ms)
Completed 200 OK in 147ms (Views: 146.6ms | ActiveRecord: 0.0ms)


Started GET "/users/new" for ::1 at 2019-05-02 15:22:54 -0400
Processing by UsersController#new as HTML
  Rendering users/new.html.erb within layouts/application
  Rendered users/new.html.erb within layouts/application (1.0ms)
Completed 200 OK in 53ms (Views: 52.6ms | ActiveRecord: 0.0ms)


Started POST "/users" for ::1 at 2019-05-02 15:23:00 -0400
Processing by UsersController#create as HTML
  Parameters: {"authenticity_token"=>"izvGb/lOZoSNC8H15vN5Q7+WjmTrdV4AR7nJmokVAb2CEm9aME9IhVlPkZdFzzImw10hJNVgJMBvfOGKm3lhaQ==", "user"=>{"email"=>"swag@swag.swag", "password"=>"[FILTERED]"}}
  [1m[35m (1.0ms)[0m  [1m[35mBEGIN[0m
  ↳ app/controllers/users_controller.rb:9
  [1m[36mUser Exists (23.0ms)[0m  [1m[34mSELECT  1 AS one FROM "users" WHERE "users"."email" = $1 LIMIT $2[0m  [["email", "swag@swag.swag"], ["LIMIT", 1]]
  ↳ app/controllers/users_controller.rb:9
  [1m[36mUser Exists (1.8ms)[0m  [1m[34mSELECT  1 AS one FROM "users" WHERE "users"."session_token" = $1 LIMIT $2[0m  [["session_token", "6CEACtkcWNN1NMlXYfzQzg"], ["LIMIT", 1]]
  ↳ app/controllers/users_controller.rb:9
  [1m[36mUser Create (14.3ms)[0m  [1m[32mINSERT INTO "users" ("email", "password_digest", "session_token", "created_at", "updated_at") VALUES ($1, $2, $3, $4, $5) RETURNING "id"[0m  [["email", "swag@swag.swag"], ["password_digest", "$2a$10$JxDI1lEM06SiQ1KnMQinkuFCXvZaOwaYz/lYrP4Gc5B.g/5vO8mG."], ["session_token", "6CEACtkcWNN1NMlXYfzQzg"], ["created_at", "2019-05-02 19:23:01.156681"], ["updated_at", "2019-05-02 19:23:01.156681"]]
  ↳ app/controllers/users_controller.rb:9
  [1m[35m (2.2ms)[0m  [1m[35mCOMMIT[0m
  ↳ app/controllers/users_controller.rb:9
Completed 500 Internal Server Error in 632ms (ActiveRecord: 42.2ms)


  
NameError (undefined local variable or method `user' for #<UsersController:0x00007fbc98dc2ba0>
Did you mean?  @user):
  
app/controllers/users_controller.rb:10:in `create'
Started POST "/users" for ::1 at 2019-05-02 15:24:22 -0400
Processing by UsersController#create as HTML
  Parameters: {"authenticity_token"=>"izvGb/lOZoSNC8H15vN5Q7+WjmTrdV4AR7nJmokVAb2CEm9aME9IhVlPkZdFzzImw10hJNVgJMBvfOGKm3lhaQ==", "user"=>{"email"=>"swag@swag.swag", "password"=>"[FILTERED]"}}
  [1m[35m (0.3ms)[0m  [1m[35mBEGIN[0m
  ↳ app/controllers/users_controller.rb:9
  [1m[36mUser Exists (19.4ms)[0m  [1m[34mSELECT  1 AS one FROM "users" WHERE "users"."email" = $1 LIMIT $2[0m  [["email", "swag@swag.swag"], ["LIMIT", 1]]
  ↳ app/controllers/users_controller.rb:9
  [1m[36mUser Exists (0.7ms)[0m  [1m[34mSELECT  1 AS one FROM "users" WHERE "users"."session_token" = $1 LIMIT $2[0m  [["session_token", "Dz_zEBuMnArQ7jcpM_uw9g"], ["LIMIT", 1]]
  ↳ app/controllers/users_controller.rb:9
  [1m[35m (0.6ms)[0m  [1m[31mROLLBACK[0m
  ↳ app/controllers/users_controller.rb:9
Completed 500 Internal Server Error in 326ms (ActiveRecord: 36.4ms)


  
NoMethodError (undefined method `new' for #<ActionDispatch::Flash::FlashHash:0x00007fbc9a8f76f0>
Did you mean?  now):
  
app/controllers/users_controller.rb:13:in `create'
Started POST "/users" for ::1 at 2019-05-02 15:24:46 -0400
Processing by UsersController#create as HTML
  Parameters: {"authenticity_token"=>"izvGb/lOZoSNC8H15vN5Q7+WjmTrdV4AR7nJmokVAb2CEm9aME9IhVlPkZdFzzImw10hJNVgJMBvfOGKm3lhaQ==", "user"=>{"email"=>"swag@swag.swag", "password"=>"[FILTERED]"}}
  [1m[35m (0.6ms)[0m  [1m[35mBEGIN[0m
  ↳ app/controllers/users_controller.rb:9
  [1m[36mUser Exists (1.0ms)[0m  [1m[34mSELECT  1 AS one FROM "users" WHERE "users"."email" = $1 LIMIT $2[0m  [["email", "swag@swag.swag"], ["LIMIT", 1]]
  ↳ app/controllers/users_controller.rb:9
  [1m[36mUser Exists (0.6ms)[0m  [1m[34mSELECT  1 AS one FROM "users" WHERE "users"."session_token" = $1 LIMIT $2[0m  [["session_token", "xFR_zkypg2cw-cid4fyHMg"], ["LIMIT", 1]]
  ↳ app/controllers/users_controller.rb:9
  [1m[35m (0.3ms)[0m  [1m[31mROLLBACK[0m
  ↳ app/controllers/users_controller.rb:9
  Rendering users/new.html.erb within layouts/application
  Rendered users/new.html.erb within layouts/application (0.9ms)
Completed 200 OK in 390ms (Views: 112.4ms | ActiveRecord: 15.7ms)


Started POST "/users" for ::1 at 2019-05-02 15:24:53 -0400
Processing by UsersController#create as HTML
  Parameters: {"authenticity_token"=>"lCsLNDfcvT3n0J5kXqcnpS0dyHj9Nq4Vo8F1xdIStqSdAqIB/t2TPDOUzgb9m2zAUdZnOMMj1NWLBF3VwH7WcA==", "user"=>{"email"=>"swag@swag.swag", "password"=>"[FILTERED]"}}
  [1m[35m (0.3ms)[0m  [1m[35mBEGIN[0m
  ↳ app/controllers/users_controller.rb:9
  [1m[36mUser Exists (1.3ms)[0m  [1m[34mSELECT  1 AS one FROM "users" WHERE "users"."email" = $1 LIMIT $2[0m  [["email", "swag@swag.swag"], ["LIMIT", 1]]
  ↳ app/controllers/users_controller.rb:9
  [1m[36mUser Exists (0.5ms)[0m  [1m[34mSELECT  1 AS one FROM "users" WHERE "users"."session_token" = $1 LIMIT $2[0m  [["session_token", "PG-MuKJSQObcH-IljTNPgg"], ["LIMIT", 1]]
  ↳ app/controllers/users_controller.rb:9
  [1m[35m (0.2ms)[0m  [1m[31mROLLBACK[0m
  ↳ app/controllers/users_controller.rb:9
  Rendering users/new.html.erb within layouts/application
  Rendered users/new.html.erb within layouts/application (0.6ms)
Completed 200 OK in 135ms (Views: 32.2ms | ActiveRecord: 2.2ms)


Started GET "/users" for ::1 at 2019-05-02 15:26:39 -0400
  
ActionController::RoutingError (No route matches [GET] "/users"):
  
actionpack (5.2.3) lib/action_dispatch/middleware/debug_exceptions.rb:65:in `call'
web-console (3.7.0) lib/web_console/middleware.rb:135:in `call_app'
web-console (3.7.0) lib/web_console/middleware.rb:30:in `block in call'
web-console (3.7.0) lib/web_console/middleware.rb:20:in `catch'
web-console (3.7.0) lib/web_console/middleware.rb:20:in `call'
actionpack (5.2.3) lib/action_dispatch/middleware/show_exceptions.rb:33:in `call'
railties (5.2.3) lib/rails/rack/logger.rb:38:in `call_app'
railties (5.2.3) lib/rails/rack/logger.rb:26:in `block in call'
activesupport (5.2.3) lib/active_support/tagged_logging.rb:71:in `block in tagged'
activesupport (5.2.3) lib/active_support/tagged_logging.rb:28:in `tagged'
activesupport (5.2.3) lib/active_support/tagged_logging.rb:71:in `tagged'
railties (5.2.3) lib/rails/rack/logger.rb:26:in `call'
sprockets-rails (3.2.1) lib/sprockets/rails/quiet_assets.rb:13:in `call'
actionpack (5.2.3) lib/action_dispatch/middleware/remote_ip.rb:81:in `call'
actionpack (5.2.3) lib/action_dispatch/middleware/request_id.rb:27:in `call'
rack (2.0.7) lib/rack/method_override.rb:22:in `call'
rack (2.0.7) lib/rack/runtime.rb:22:in `call'
activesupport (5.2.3) lib/active_support/cache/strategy/local_cache_middleware.rb:29:in `call'
actionpack (5.2.3) lib/action_dispatch/middleware/executor.rb:14:in `call'
actionpack (5.2.3) lib/action_dispatch/middleware/static.rb:127:in `call'
rack (2.0.7) lib/rack/sendfile.rb:111:in `call'
railties (5.2.3) lib/rails/engine.rb:524:in `call'
puma (3.12.1) lib/puma/configuration.rb:227:in `call'
puma (3.12.1) lib/puma/server.rb:660:in `handle_request'
puma (3.12.1) lib/puma/server.rb:474:in `process_client'
puma (3.12.1) lib/puma/server.rb:334:in `block in run'
puma (3.12.1) lib/puma/thread_pool.rb:135:in `block in spawn_thread'
Started GET "/users/new" for ::1 at 2019-05-02 15:26:59 -0400
Processing by UsersController#new as HTML
  Rendering users/new.html.erb within layouts/application
  Rendered users/new.html.erb within layouts/application (1.1ms)
Completed 200 OK in 89ms (Views: 59.5ms | ActiveRecord: 14.7ms)


Started POST "/users" for ::1 at 2019-05-02 15:27:18 -0400
Processing by UsersController#create as HTML
  Parameters: {"authenticity_token"=>"AnCf/P5Zccg4tCaryouvqZ3bLO1JCldgMRxuo17FB6sLWTbJN1hfyezwdslpt+TM4RCDrXcfLaAZ2UazTKlnfw==", "user"=>{"email"=>"swag@swag.swag", "password"=>"[FILTERED]"}}
  [1m[35m (0.2ms)[0m  [1m[35mBEGIN[0m
  ↳ app/controllers/users_controller.rb:10
  [1m[36mUser Exists (0.7ms)[0m  [1m[34mSELECT  1 AS one FROM "users" WHERE "users"."email" = $1 LIMIT $2[0m  [["email", "swag@swag.swag"], ["LIMIT", 1]]
  ↳ app/controllers/users_controller.rb:10
  [1m[36mUser Exists (0.8ms)[0m  [1m[34mSELECT  1 AS one FROM "users" WHERE "users"."session_token" = $1 LIMIT $2[0m  [["session_token", "UpKd6bFjzRFw3sKmDX_IhA"], ["LIMIT", 1]]
  ↳ app/controllers/users_controller.rb:10
  [1m[35m (0.5ms)[0m  [1m[31mROLLBACK[0m
  ↳ app/controllers/users_controller.rb:10
  Rendering users/new.html.erb within layouts/application
  Rendered users/new.html.erb within layouts/application (0.9ms)
Completed 200 OK in 143ms (Views: 19.9ms | ActiveRecord: 10.8ms)


Started POST "/users" for ::1 at 2019-05-02 15:28:00 -0400
Processing by UsersController#create as HTML
  Parameters: {"authenticity_token"=>"Qz0Wivw47C0QCBWh1QhNZ1O/Ph9xq1yCL6TIw8SNWa5KFL+/NTnCLMRMRcN2NAYCL3SRX0++JkIHYeDT1uE5eg==", "user"=>{"email"=>"swag@swag.swag", "password"=>"[FILTERED]"}}
  [1m[35m (0.2ms)[0m  [1m[35mBEGIN[0m
  ↳ app/controllers/users_controller.rb:10
  [1m[36mUser Exists (0.6ms)[0m  [1m[34mSELECT  1 AS one FROM "users" WHERE "users"."email" = $1 LIMIT $2[0m  [["email", "swag@swag.swag"], ["LIMIT", 1]]
  ↳ app/controllers/users_controller.rb:10
  [1m[36mUser Exists (1.1ms)[0m  [1m[34mSELECT  1 AS one FROM "users" WHERE "users"."session_token" = $1 LIMIT $2[0m  [["session_token", "-PmzH6XJxdiYZtpwkCg5Ag"], ["LIMIT", 1]]
  ↳ app/controllers/users_controller.rb:10
  [1m[35m (0.3ms)[0m  [1m[31mROLLBACK[0m
  ↳ app/controllers/users_controller.rb:10
  Rendering users/new.html.erb within layouts/application
  Rendered users/new.html.erb within layouts/application (0.8ms)
Completed 200 OK in 255ms (Views: 142.8ms | ActiveRecord: 2.2ms)


Started POST "/users" for ::1 at 2019-05-02 15:28:01 -0400
Processing by UsersController#create as HTML
  Parameters: {"authenticity_token"=>"/M/0uqaLvizuv//IE/0wAkUYWGjU17GvOeldJd/1CSP15l2Pb4qQLTr7r6qwwXtnOdP3KOrCy28RLHU1zZlp9w==", "user"=>{"email"=>"swag@swag.swag", "password"=>"[FILTERED]"}}
  [1m[35m (0.2ms)[0m  [1m[35mBEGIN[0m
  ↳ app/controllers/users_controller.rb:10
  [1m[36mUser Exists (0.4ms)[0m  [1m[34mSELECT  1 AS one FROM "users" WHERE "users"."email" = $1 LIMIT $2[0m  [["email", "swag@swag.swag"], ["LIMIT", 1]]
  ↳ app/controllers/users_controller.rb:10
  [1m[36mUser Exists (0.5ms)[0m  [1m[34mSELECT  1 AS one FROM "users" WHERE "users"."session_token" = $1 LIMIT $2[0m  [["session_token", "BajaPcd1Qo69L4PXIP28sw"], ["LIMIT", 1]]
  ↳ app/controllers/users_controller.rb:10
  [1m[35m (0.3ms)[0m  [1m[31mROLLBACK[0m
  ↳ app/controllers/users_controller.rb:10
  Rendering users/new.html.erb within layouts/application
  Rendered users/new.html.erb within layouts/application (0.7ms)
Completed 200 OK in 136ms (Views: 31.3ms | ActiveRecord: 1.3ms)


Started POST "/users" for ::1 at 2019-05-02 15:28:01 -0400
Processing by UsersController#create as HTML
  Parameters: {"authenticity_token"=>"vUobATwqk6dIA1HQn6HJLM9+HDJQ4CxGB86cKqNsH4+0Y7I09Su9ppxHAbI8nYJJs7Wzcm71VoYvC7Q6sQB/Ww==", "user"=>{"email"=>"swag@swag.swag", "password"=>"[FILTERED]"}}
  [1m[35m (0.2ms)[0m  [1m[35mBEGIN[0m
  ↳ app/controllers/users_controller.rb:10
  [1m[36mUser Exists (0.7ms)[0m  [1m[34mSELECT  1 AS one FROM "users" WHERE "users"."email" = $1 LIMIT $2[0m  [["email", "swag@swag.swag"], ["LIMIT", 1]]
  ↳ app/controllers/users_controller.rb:10
  [1m[36mUser Exists (0.8ms)[0m  [1m[34mSELECT  1 AS one FROM "users" WHERE "users"."session_token" = $1 LIMIT $2[0m  [["session_token", "AiVdu3a6Ay_S1xnMl0Bh2g"], ["LIMIT", 1]]
  ↳ app/controllers/users_controller.rb:10
  [1m[35m (0.3ms)[0m  [1m[31mROLLBACK[0m
  ↳ app/controllers/users_controller.rb:10
  Rendering users/new.html.erb within layouts/application
  Rendered users/new.html.erb within layouts/application (1.0ms)
Completed 200 OK in 126ms (Views: 23.4ms | ActiveRecord: 2.0ms)


Started POST "/users" for ::1 at 2019-05-02 15:28:02 -0400
Processing by UsersController#create as HTML
  Parameters: {"authenticity_token"=>"61Nd3puGT1ESRb99rmEkHeticcQm0o/XhYWe0AZ6fevievTrUodhUMYB7x8NXW94l6nehBjH9RetQLbAFBYdPw==", "user"=>{"email"=>"swag@swag.swag", "password"=>"[FILTERED]"}}
  [1m[35m (0.3ms)[0m  [1m[35mBEGIN[0m
  ↳ app/controllers/users_controller.rb:10
  [1m[36mUser Exists (0.7ms)[0m  [1m[34mSELECT  1 AS one FROM "users" WHERE "users"."email" = $1 LIMIT $2[0m  [["email", "swag@swag.swag"], ["LIMIT", 1]]
  ↳ app/controllers/users_controller.rb:10
  [1m[36mUser Exists (0.7ms)[0m  [1m[34mSELECT  1 AS one FROM "users" WHERE "users"."session_token" = $1 LIMIT $2[0m  [["session_token", "zB9JE-yP3scascFiVC_BVQ"], ["LIMIT", 1]]
  ↳ app/controllers/users_controller.rb:10
  [1m[35m (0.4ms)[0m  [1m[31mROLLBACK[0m
  ↳ app/controllers/users_controller.rb:10
  Rendering users/new.html.erb within layouts/application
  Rendered users/new.html.erb within layouts/application (0.9ms)
Completed 200 OK in 130ms (Views: 26.3ms | ActiveRecord: 2.0ms)


Started POST "/users" for ::1 at 2019-05-02 15:28:02 -0400
Processing by UsersController#create as HTML
  Parameters: {"authenticity_token"=>"/nXBfBu8gCBrzXhb3oL3JuJDhu4vnnIElixlxXWh+LP3XGhJ0r2uIb+JKDl9vrxDnogprhGLCMS+6U3VZ82YZw==", "user"=>{"email"=>"swag@swag.swag", "password"=>"[FILTERED]"}}
  [1m[35m (1.2ms)[0m  [1m[35mBEGIN[0m
  ↳ app/controllers/users_controller.rb:10
  [1m[36mUser Exists (0.8ms)[0m  [1m[34mSELECT  1 AS one FROM "users" WHERE "users"."email" = $1 LIMIT $2[0m  [["email", "swag@swag.swag"], ["LIMIT", 1]]
  ↳ app/controllers/users_controller.rb:10
  [1m[36mUser Exists (2.6ms)[0m  [1m[34mSELECT  1 AS one FROM "users" WHERE "users"."session_token" = $1 LIMIT $2[0m  [["session_token", "F4_Ohj3OH13dXseJ1bULHA"], ["LIMIT", 1]]
  ↳ app/controllers/users_controller.rb:10
  [1m[35m (0.6ms)[0m  [1m[31mROLLBACK[0m
  ↳ app/controllers/users_controller.rb:10
  Rendering users/new.html.erb within layouts/application
  Rendered users/new.html.erb within layouts/application (0.9ms)
Completed 200 OK in 133ms (Views: 25.8ms | ActiveRecord: 5.3ms)


Started POST "/users" for ::1 at 2019-05-02 15:28:03 -0400
Processing by UsersController#create as HTML
  Parameters: {"authenticity_token"=>"jwAEvD3/KG1vpKxxeHGzJT3/L298ON8Y11dtotW/jGmGKa2J9P4GbLvg/BPbTfhAQTSAL0Itpdj/kkWyx9PsvQ==", "user"=>{"email"=>"swag@swag.swag", "password"=>"[FILTERED]"}}
  [1m[35m (0.2ms)[0m  [1m[35mBEGIN[0m
  ↳ app/controllers/users_controller.rb:10
  [1m[36mUser Exists (0.7ms)[0m  [1m[34mSELECT  1 AS one FROM "users" WHERE "users"."email" = $1 LIMIT $2[0m  [["email", "swag@swag.swag"], ["LIMIT", 1]]
  ↳ app/controllers/users_controller.rb:10
  [1m[36mUser Exists (0.8ms)[0m  [1m[34mSELECT  1 AS one FROM "users" WHERE "users"."session_token" = $1 LIMIT $2[0m  [["session_token", "oWKZjLAE0L4Atnwt1RbHzg"], ["LIMIT", 1]]
  ↳ app/controllers/users_controller.rb:10
  [1m[35m (0.3ms)[0m  [1m[31mROLLBACK[0m
  ↳ app/controllers/users_controller.rb:10
  Rendering users/new.html.erb within layouts/application
  Rendered users/new.html.erb within layouts/application (1.0ms)
Completed 200 OK in 128ms (Views: 28.6ms | ActiveRecord: 2.1ms)


Started POST "/users" for ::1 at 2019-05-02 15:28:04 -0400
Processing by UsersController#create as HTML
  Parameters: {"authenticity_token"=>"DDmHW0MH9t+RJkoWSkcs+N2dAFRbtfNcQFgeiuDGA/8FEC5uigbY3kViGnTpe2edoVavFGWgiZxonTaa8qpjKw==", "user"=>{"email"=>"swag@swag.swag", "password"=>"[FILTERED]"}}
  [1m[35m (1.9ms)[0m  [1m[35mBEGIN[0m
  ↳ app/controllers/users_controller.rb:10
  [1m[36mUser Exists (0.7ms)[0m  [1m[34mSELECT  1 AS one FROM "users" WHERE "users"."email" = $1 LIMIT $2[0m  [["email", "swag@swag.swag"], ["LIMIT", 1]]
  ↳ app/controllers/users_controller.rb:10
  [1m[36mUser Exists (0.7ms)[0m  [1m[34mSELECT  1 AS one FROM "users" WHERE "users"."session_token" = $1 LIMIT $2[0m  [["session_token", "jdU-jj6Dipw1JV09z_3-Tg"], ["LIMIT", 1]]
  ↳ app/controllers/users_controller.rb:10
  [1m[35m (5.5ms)[0m  [1m[31mROLLBACK[0m
  ↳ app/controllers/users_controller.rb:10
  Rendering users/new.html.erb within layouts/application
  Rendered users/new.html.erb within layouts/application (1.0ms)
Completed 200 OK in 162ms (Views: 52.2ms | ActiveRecord: 8.7ms)


Started GET "/users" for ::1 at 2019-05-02 15:28:12 -0400
  
ActionController::RoutingError (No route matches [GET] "/users"):
  
actionpack (5.2.3) lib/action_dispatch/middleware/debug_exceptions.rb:65:in `call'
web-console (3.7.0) lib/web_console/middleware.rb:135:in `call_app'
web-console (3.7.0) lib/web_console/middleware.rb:30:in `block in call'
web-console (3.7.0) lib/web_console/middleware.rb:20:in `catch'
web-console (3.7.0) lib/web_console/middleware.rb:20:in `call'
actionpack (5.2.3) lib/action_dispatch/middleware/show_exceptions.rb:33:in `call'
railties (5.2.3) lib/rails/rack/logger.rb:38:in `call_app'
railties (5.2.3) lib/rails/rack/logger.rb:26:in `block in call'
activesupport (5.2.3) lib/active_support/tagged_logging.rb:71:in `block in tagged'
activesupport (5.2.3) lib/active_support/tagged_logging.rb:28:in `tagged'
activesupport (5.2.3) lib/active_support/tagged_logging.rb:71:in `tagged'
railties (5.2.3) lib/rails/rack/logger.rb:26:in `call'
sprockets-rails (3.2.1) lib/sprockets/rails/quiet_assets.rb:13:in `call'
actionpack (5.2.3) lib/action_dispatch/middleware/remote_ip.rb:81:in `call'
actionpack (5.2.3) lib/action_dispatch/middleware/request_id.rb:27:in `call'
rack (2.0.7) lib/rack/method_override.rb:22:in `call'
rack (2.0.7) lib/rack/runtime.rb:22:in `call'
activesupport (5.2.3) lib/active_support/cache/strategy/local_cache_middleware.rb:29:in `call'
actionpack (5.2.3) lib/action_dispatch/middleware/executor.rb:14:in `call'
actionpack (5.2.3) lib/action_dispatch/middleware/static.rb:127:in `call'
rack (2.0.7) lib/rack/sendfile.rb:111:in `call'
railties (5.2.3) lib/rails/engine.rb:524:in `call'
puma (3.12.1) lib/puma/configuration.rb:227:in `call'
puma (3.12.1) lib/puma/server.rb:660:in `handle_request'
puma (3.12.1) lib/puma/server.rb:474:in `process_client'
puma (3.12.1) lib/puma/server.rb:334:in `block in run'
puma (3.12.1) lib/puma/thread_pool.rb:135:in `block in spawn_thread'
Started POST "/users" for ::1 at 2019-05-02 15:28:34 -0400
Processing by UsersController#create as HTML
  Parameters: {"authenticity_token"=>"AnCf/P5Zccg4tCaryouvqZ3bLO1JCldgMRxuo17FB6sLWTbJN1hfyezwdslpt+TM4RCDrXcfLaAZ2UazTKlnfw==", "user"=>{"email"=>"swag@swag.swag", "password"=>"[FILTERED]"}}
  [1m[35m (0.8ms)[0m  [1m[35mBEGIN[0m
  ↳ app/controllers/users_controller.rb:10
  [1m[36mUser Exists (2.0ms)[0m  [1m[34mSELECT  1 AS one FROM "users" WHERE "users"."email" = $1 LIMIT $2[0m  [["email", "swag@swag.swag"], ["LIMIT", 1]]
  ↳ app/controllers/users_controller.rb:10
  [1m[36mUser Exists (1.8ms)[0m  [1m[34mSELECT  1 AS one FROM "users" WHERE "users"."session_token" = $1 LIMIT $2[0m  [["session_token", "L6fDigg7-_Vi38ZR3SSXkg"], ["LIMIT", 1]]
  ↳ app/controllers/users_controller.rb:10
  [1m[35m (0.9ms)[0m  [1m[31mROLLBACK[0m
  ↳ app/controllers/users_controller.rb:10
  [1m[36mUser Load (0.3ms)[0m  [1m[34mSELECT  "users".* FROM "users" LIMIT $1[0m  [["LIMIT", 11]]
  ↳ app/controllers/users_controller.rb:14
  Rendering users/new.html.erb within layouts/application
  Rendered users/new.html.erb within layouts/application (1.2ms)
Completed 200 OK in 157543ms (Views: 199.8ms | ActiveRecord: 16.5ms)


Started POST "/users" for ::1 at 2019-05-02 15:32:21 -0400
Processing by UsersController#create as HTML
  Parameters: {"authenticity_token"=>"l9z2jcjGIoNnlACkMifHVuXh8OrL/BgJ34x9LviHtKee9V+4AccMgrPQUMaRG4wzmSpfqvXpYsn3SVU+6uvUcw==", "user"=>{"email"=>"cats99@gmail.com", "password"=>"[FILTERED]"}}
  [1m[35m (0.2ms)[0m  [1m[35mBEGIN[0m
  ↳ app/controllers/users_controller.rb:10
  [1m[36mUser Exists (0.5ms)[0m  [1m[34mSELECT  1 AS one FROM "users" WHERE "users"."email" = $1 LIMIT $2[0m  [["email", "cats99@gmail.com"], ["LIMIT", 1]]
  ↳ app/controllers/users_controller.rb:10
  [1m[36mUser Exists (0.5ms)[0m  [1m[34mSELECT  1 AS one FROM "users" WHERE "users"."session_token" = $1 LIMIT $2[0m  [["session_token", "8tWYU6FhYumltFeRm0YP9w"], ["LIMIT", 1]]
  ↳ app/controllers/users_controller.rb:10
  [1m[36mUser Create (0.6ms)[0m  [1m[32mINSERT INTO "users" ("email", "password_digest", "session_token", "created_at", "updated_at") VALUES ($1, $2, $3, $4, $5) RETURNING "id"[0m  [["email", "cats99@gmail.com"], ["password_digest", "$2a$10$2Ogb9kH4yZMtc3rHD9AVyOoCXxTUvg58G7ap1LCiHAqTL2RVRYEV6"], ["session_token", "8tWYU6FhYumltFeRm0YP9w"], ["created_at", "2019-05-02 19:32:22.029131"], ["updated_at", "2019-05-02 19:32:22.029131"]]
  ↳ app/controllers/users_controller.rb:10
  [1m[35m (0.5ms)[0m  [1m[35mCOMMIT[0m
  ↳ app/controllers/users_controller.rb:10
Completed 500 Internal Server Error in 270ms (ActiveRecord: 11.2ms)


  
NoMethodError (undefined method `login!' for #<UsersController:0x00007fbc94bfdb70>
Did you mean?  log_in!):
  
app/controllers/users_controller.rb:11:in `create'
Started GET "/users/new" for ::1 at 2019-05-02 15:33:36 -0400
Processing by UsersController#new as HTML
  Rendering users/new.html.erb within layouts/application
  Rendered users/new.html.erb within layouts/application (0.9ms)
Completed 200 OK in 202ms (Views: 155.8ms | ActiveRecord: 9.8ms)


Started POST "/users" for ::1 at 2019-05-02 15:34:14 -0400
Processing by UsersController#create as HTML
  Parameters: {"authenticity_token"=>"DqhmLh3INXExIUec8ApdFGm+NNRUZqjcPa7KtLwAYOIHgc8b1MkbcOVlF/5TNhZxFXWblGpz0hwVa+KkrmwANg==", "user"=>{"email"=>"gunsnroses1990@yahoo.com", "password"=>"[FILTERED]"}}
  [1m[35m (0.2ms)[0m  [1m[35mBEGIN[0m
  ↳ app/controllers/users_controller.rb:10
  [1m[36mUser Exists (0.7ms)[0m  [1m[34mSELECT  1 AS one FROM "users" WHERE "users"."email" = $1 LIMIT $2[0m  [["email", "gunsnroses1990@yahoo.com"], ["LIMIT", 1]]
  ↳ app/controllers/users_controller.rb:10
  [1m[36mUser Exists (0.7ms)[0m  [1m[34mSELECT  1 AS one FROM "users" WHERE "users"."session_token" = $1 LIMIT $2[0m  [["session_token", "vUX9ffLVkmnOq5H9ThNRHw"], ["LIMIT", 1]]
  ↳ app/controllers/users_controller.rb:10
  [1m[36mUser Create (0.8ms)[0m  [1m[32mINSERT INTO "users" ("email", "password_digest", "session_token", "created_at", "updated_at") VALUES ($1, $2, $3, $4, $5) RETURNING "id"[0m  [["email", "gunsnroses1990@yahoo.com"], ["password_digest", "$2a$10$seB2yldFzmXWQWDCjNzLOuwJCqcKf0c7QsKcAq8UQaOry.rv5Takq"], ["session_token", "vUX9ffLVkmnOq5H9ThNRHw"], ["created_at", "2019-05-02 19:34:14.655062"], ["updated_at", "2019-05-02 19:34:14.655062"]]
  ↳ app/controllers/users_controller.rb:10
  [1m[35m (0.7ms)[0m  [1m[35mCOMMIT[0m
  ↳ app/controllers/users_controller.rb:10
  [1m[35m (0.2ms)[0m  [1m[35mBEGIN[0m
  ↳ app/models/user.rb:29
  [1m[36mUser Exists (0.6ms)[0m  [1m[34mSELECT  1 AS one FROM "users" WHERE "users"."email" = $1 AND "users"."id" != $2 LIMIT $3[0m  [["email", "gunsnroses1990@yahoo.com"], ["id", 3], ["LIMIT", 1]]
  ↳ app/models/user.rb:29
  [1m[36mUser Exists (0.7ms)[0m  [1m[34mSELECT  1 AS one FROM "users" WHERE "users"."session_token" = $1 AND "users"."id" != $2 LIMIT $3[0m  [["session_token", "DMK17rvP7dybjQHszHC6wg"], ["id", 3], ["LIMIT", 1]]
  ↳ app/models/user.rb:29
  [1m[36mUser Update (0.7ms)[0m  [1m[33mUPDATE "users" SET "session_token" = $1, "updated_at" = $2 WHERE "users"."id" = $3[0m  [["session_token", "DMK17rvP7dybjQHszHC6wg"], ["updated_at", "2019-05-02 19:34:14.663476"], ["id", 3]]
  ↳ app/models/user.rb:29
  [1m[35m (0.4ms)[0m  [1m[35mCOMMIT[0m
  ↳ app/models/user.rb:29
Redirected to http://localhost:3000/bands
Completed 302 Found in 113ms (ActiveRecord: 5.8ms)


Started GET "/bands" for ::1 at 2019-05-02 15:34:14 -0400
  
ActionController::RoutingError (uninitialized constant BandsController):
  
bootsnap (1.4.4) lib/bootsnap/load_path_cache/core_ext/active_support.rb:79:in `block in load_missing_constant'
bootsnap (1.4.4) lib/bootsnap/load_path_cache/core_ext/active_support.rb:8:in `without_bootsnap_cache'
bootsnap (1.4.4) lib/bootsnap/load_path_cache/core_ext/active_support.rb:79:in `rescue in load_missing_constant'
bootsnap (1.4.4) lib/bootsnap/load_path_cache/core_ext/active_support.rb:58:in `load_missing_constant'
activesupport (5.2.3) lib/active_support/inflector/methods.rb:283:in `const_get'
activesupport (5.2.3) lib/active_support/inflector/methods.rb:283:in `block in constantize'
activesupport (5.2.3) lib/active_support/inflector/methods.rb:281:in `each'
activesupport (5.2.3) lib/active_support/inflector/methods.rb:281:in `inject'
activesupport (5.2.3) lib/active_support/inflector/methods.rb:281:in `constantize'
actionpack (5.2.3) lib/action_dispatch/http/request.rb:88:in `controller_class_for'
actionpack (5.2.3) lib/action_dispatch/http/request.rb:81:in `controller_class'
actionpack (5.2.3) lib/action_dispatch/routing/route_set.rb:46:in `controller'
actionpack (5.2.3) lib/action_dispatch/routing/route_set.rb:32:in `serve'
actionpack (5.2.3) lib/action_dispatch/journey/router.rb:52:in `block in serve'
actionpack (5.2.3) lib/action_dispatch/journey/router.rb:35:in `each'
actionpack (5.2.3) lib/action_dispatch/journey/router.rb:35:in `serve'
actionpack (5.2.3) lib/action_dispatch/routing/route_set.rb:840:in `call'
rack (2.0.7) lib/rack/tempfile_reaper.rb:15:in `call'
rack (2.0.7) lib/rack/etag.rb:25:in `call'
rack (2.0.7) lib/rack/conditional_get.rb:25:in `call'
rack (2.0.7) lib/rack/head.rb:12:in `call'
actionpack (5.2.3) lib/action_dispatch/http/content_security_policy.rb:18:in `call'
rack (2.0.7) lib/rack/session/abstract/id.rb:232:in `context'
rack (2.0.7) lib/rack/session/abstract/id.rb:226:in `call'
actionpack (5.2.3) lib/action_dispatch/middleware/cookies.rb:670:in `call'
activerecord (5.2.3) lib/active_record/migration.rb:559:in `call'
actionpack (5.2.3) lib/action_dispatch/middleware/callbacks.rb:28:in `block in call'
activesupport (5.2.3) lib/active_support/callbacks.rb:98:in `run_callbacks'
actionpack (5.2.3) lib/action_dispatch/middleware/callbacks.rb:26:in `call'
actionpack (5.2.3) lib/action_dispatch/middleware/executor.rb:14:in `call'
actionpack (5.2.3) lib/action_dispatch/middleware/debug_exceptions.rb:61:in `call'
web-console (3.7.0) lib/web_console/middleware.rb:135:in `call_app'
web-console (3.7.0) lib/web_console/middleware.rb:30:in `block in call'
web-console (3.7.0) lib/web_console/middleware.rb:20:in `catch'
web-console (3.7.0) lib/web_console/middleware.rb:20:in `call'
actionpack (5.2.3) lib/action_dispatch/middleware/show_exceptions.rb:33:in `call'
railties (5.2.3) lib/rails/rack/logger.rb:38:in `call_app'
railties (5.2.3) lib/rails/rack/logger.rb:26:in `block in call'
activesupport (5.2.3) lib/active_support/tagged_logging.rb:71:in `block in tagged'
activesupport (5.2.3) lib/active_support/tagged_logging.rb:28:in `tagged'
activesupport (5.2.3) lib/active_support/tagged_logging.rb:71:in `tagged'
railties (5.2.3) lib/rails/rack/logger.rb:26:in `call'
sprockets-rails (3.2.1) lib/sprockets/rails/quiet_assets.rb:13:in `call'
actionpack (5.2.3) lib/action_dispatch/middleware/remote_ip.rb:81:in `call'
actionpack (5.2.3) lib/action_dispatch/middleware/request_id.rb:27:in `call'
rack (2.0.7) lib/rack/method_override.rb:22:in `call'
rack (2.0.7) lib/rack/runtime.rb:22:in `call'
activesupport (5.2.3) lib/active_support/cache/strategy/local_cache_middleware.rb:29:in `call'
actionpack (5.2.3) lib/action_dispatch/middleware/executor.rb:14:in `call'
actionpack (5.2.3) lib/action_dispatch/middleware/static.rb:127:in `call'
rack (2.0.7) lib/rack/sendfile.rb:111:in `call'
railties (5.2.3) lib/rails/engine.rb:524:in `call'
puma (3.12.1) lib/puma/configuration.rb:227:in `call'
puma (3.12.1) lib/puma/server.rb:660:in `handle_request'
puma (3.12.1) lib/puma/server.rb:474:in `process_client'
puma (3.12.1) lib/puma/server.rb:334:in `block in run'
puma (3.12.1) lib/puma/thread_pool.rb:135:in `block in spawn_thread'
Started GET "/users" for ::1 at 2019-05-02 16:07:42 -0400
  
SyntaxError (/Users/aa/Desktop/W4D4/music_app/config/routes.rb:6: syntax error, unexpected tIDENTIFIER, expecting keyword_end
    resources :albums only: [:new]
                      ^~~~
/Users/aa/Desktop/W4D4/music_app/config/routes.rb:7: syntax error, unexpected keyword_end, expecting end-of-input
  end
  ^~~):
  
config/routes.rb:6: syntax error, unexpected tIDENTIFIER, expecting keyword_end
config/routes.rb:7: syntax error, unexpected keyword_end, expecting end-of-input
Started GET "/session/new" for ::1 at 2019-05-02 16:07:46 -0400
  
ActionController::RoutingError (No route matches [GET] "/session/new"):
  
actionpack (5.2.3) lib/action_dispatch/middleware/debug_exceptions.rb:65:in `call'
web-console (3.7.0) lib/web_console/middleware.rb:135:in `call_app'
web-console (3.7.0) lib/web_console/middleware.rb:30:in `block in call'
web-console (3.7.0) lib/web_console/middleware.rb:20:in `catch'
web-console (3.7.0) lib/web_console/middleware.rb:20:in `call'
actionpack (5.2.3) lib/action_dispatch/middleware/show_exceptions.rb:33:in `call'
railties (5.2.3) lib/rails/rack/logger.rb:38:in `call_app'
railties (5.2.3) lib/rails/rack/logger.rb:26:in `block in call'
activesupport (5.2.3) lib/active_support/tagged_logging.rb:71:in `block in tagged'
activesupport (5.2.3) lib/active_support/tagged_logging.rb:28:in `tagged'
activesupport (5.2.3) lib/active_support/tagged_logging.rb:71:in `tagged'
railties (5.2.3) lib/rails/rack/logger.rb:26:in `call'
sprockets-rails (3.2.1) lib/sprockets/rails/quiet_assets.rb:13:in `call'
actionpack (5.2.3) lib/action_dispatch/middleware/remote_ip.rb:81:in `call'
actionpack (5.2.3) lib/action_dispatch/middleware/request_id.rb:27:in `call'
rack (2.0.7) lib/rack/method_override.rb:22:in `call'
rack (2.0.7) lib/rack/runtime.rb:22:in `call'
activesupport (5.2.3) lib/active_support/cache/strategy/local_cache_middleware.rb:29:in `call'
actionpack (5.2.3) lib/action_dispatch/middleware/executor.rb:14:in `call'
actionpack (5.2.3) lib/action_dispatch/middleware/static.rb:127:in `call'
rack (2.0.7) lib/rack/sendfile.rb:111:in `call'
railties (5.2.3) lib/rails/engine.rb:524:in `call'
puma (3.12.1) lib/puma/configuration.rb:227:in `call'
puma (3.12.1) lib/puma/server.rb:660:in `handle_request'
puma (3.12.1) lib/puma/server.rb:474:in `process_client'
puma (3.12.1) lib/puma/server.rb:334:in `block in run'
puma (3.12.1) lib/puma/thread_pool.rb:135:in `block in spawn_thread'
Started GET "/sessions/new" for ::1 at 2019-05-02 16:08:04 -0400
  
ActionController::RoutingError (No route matches [GET] "/sessions/new"):
  
actionpack (5.2.3) lib/action_dispatch/middleware/debug_exceptions.rb:65:in `call'
web-console (3.7.0) lib/web_console/middleware.rb:135:in `call_app'
web-console (3.7.0) lib/web_console/middleware.rb:30:in `block in call'
web-console (3.7.0) lib/web_console/middleware.rb:20:in `catch'
web-console (3.7.0) lib/web_console/middleware.rb:20:in `call'
actionpack (5.2.3) lib/action_dispatch/middleware/show_exceptions.rb:33:in `call'
railties (5.2.3) lib/rails/rack/logger.rb:38:in `call_app'
railties (5.2.3) lib/rails/rack/logger.rb:26:in `block in call'
activesupport (5.2.3) lib/active_support/tagged_logging.rb:71:in `block in tagged'
activesupport (5.2.3) lib/active_support/tagged_logging.rb:28:in `tagged'
activesupport (5.2.3) lib/active_support/tagged_logging.rb:71:in `tagged'
railties (5.2.3) lib/rails/rack/logger.rb:26:in `call'
sprockets-rails (3.2.1) lib/sprockets/rails/quiet_assets.rb:13:in `call'
actionpack (5.2.3) lib/action_dispatch/middleware/remote_ip.rb:81:in `call'
actionpack (5.2.3) lib/action_dispatch/middleware/request_id.rb:27:in `call'
rack (2.0.7) lib/rack/method_override.rb:22:in `call'
rack (2.0.7) lib/rack/runtime.rb:22:in `call'
activesupport (5.2.3) lib/active_support/cache/strategy/local_cache_middleware.rb:29:in `call'
actionpack (5.2.3) lib/action_dispatch/middleware/executor.rb:14:in `call'
actionpack (5.2.3) lib/action_dispatch/middleware/static.rb:127:in `call'
rack (2.0.7) lib/rack/sendfile.rb:111:in `call'
railties (5.2.3) lib/rails/engine.rb:524:in `call'
puma (3.12.1) lib/puma/configuration.rb:227:in `call'
puma (3.12.1) lib/puma/server.rb:660:in `handle_request'
puma (3.12.1) lib/puma/server.rb:474:in `process_client'
puma (3.12.1) lib/puma/server.rb:334:in `block in run'
puma (3.12.1) lib/puma/thread_pool.rb:135:in `block in spawn_thread'
Started GET "/session" for ::1 at 2019-05-02 16:08:10 -0400
  
ActionController::RoutingError (No route matches [GET] "/session"):
  
actionpack (5.2.3) lib/action_dispatch/middleware/debug_exceptions.rb:65:in `call'
web-console (3.7.0) lib/web_console/middleware.rb:135:in `call_app'
web-console (3.7.0) lib/web_console/middleware.rb:30:in `block in call'
web-console (3.7.0) lib/web_console/middleware.rb:20:in `catch'
web-console (3.7.0) lib/web_console/middleware.rb:20:in `call'
actionpack (5.2.3) lib/action_dispatch/middleware/show_exceptions.rb:33:in `call'
railties (5.2.3) lib/rails/rack/logger.rb:38:in `call_app'
railties (5.2.3) lib/rails/rack/logger.rb:26:in `block in call'
activesupport (5.2.3) lib/active_support/tagged_logging.rb:71:in `block in tagged'
activesupport (5.2.3) lib/active_support/tagged_logging.rb:28:in `tagged'
activesupport (5.2.3) lib/active_support/tagged_logging.rb:71:in `tagged'
railties (5.2.3) lib/rails/rack/logger.rb:26:in `call'
sprockets-rails (3.2.1) lib/sprockets/rails/quiet_assets.rb:13:in `call'
actionpack (5.2.3) lib/action_dispatch/middleware/remote_ip.rb:81:in `call'
actionpack (5.2.3) lib/action_dispatch/middleware/request_id.rb:27:in `call'
rack (2.0.7) lib/rack/method_override.rb:22:in `call'
rack (2.0.7) lib/rack/runtime.rb:22:in `call'
activesupport (5.2.3) lib/active_support/cache/strategy/local_cache_middleware.rb:29:in `call'
actionpack (5.2.3) lib/action_dispatch/middleware/executor.rb:14:in `call'
actionpack (5.2.3) lib/action_dispatch/middleware/static.rb:127:in `call'
rack (2.0.7) lib/rack/sendfile.rb:111:in `call'
railties (5.2.3) lib/rails/engine.rb:524:in `call'
puma (3.12.1) lib/puma/configuration.rb:227:in `call'
puma (3.12.1) lib/puma/server.rb:660:in `handle_request'
puma (3.12.1) lib/puma/server.rb:474:in `process_client'
puma (3.12.1) lib/puma/server.rb:334:in `block in run'
puma (3.12.1) lib/puma/thread_pool.rb:135:in `block in spawn_thread'
Started GET "/session/new" for ::1 at 2019-05-02 16:08:24 -0400
  
ActionController::RoutingError (No route matches [GET] "/session/new"):
  
actionpack (5.2.3) lib/action_dispatch/middleware/debug_exceptions.rb:65:in `call'
web-console (3.7.0) lib/web_console/middleware.rb:135:in `call_app'
web-console (3.7.0) lib/web_console/middleware.rb:30:in `block in call'
web-console (3.7.0) lib/web_console/middleware.rb:20:in `catch'
web-console (3.7.0) lib/web_console/middleware.rb:20:in `call'
actionpack (5.2.3) lib/action_dispatch/middleware/show_exceptions.rb:33:in `call'
railties (5.2.3) lib/rails/rack/logger.rb:38:in `call_app'
railties (5.2.3) lib/rails/rack/logger.rb:26:in `block in call'
activesupport (5.2.3) lib/active_support/tagged_logging.rb:71:in `block in tagged'
activesupport (5.2.3) lib/active_support/tagged_logging.rb:28:in `tagged'
activesupport (5.2.3) lib/active_support/tagged_logging.rb:71:in `tagged'
railties (5.2.3) lib/rails/rack/logger.rb:26:in `call'
sprockets-rails (3.2.1) lib/sprockets/rails/quiet_assets.rb:13:in `call'
actionpack (5.2.3) lib/action_dispatch/middleware/remote_ip.rb:81:in `call'
actionpack (5.2.3) lib/action_dispatch/middleware/request_id.rb:27:in `call'
rack (2.0.7) lib/rack/method_override.rb:22:in `call'
rack (2.0.7) lib/rack/runtime.rb:22:in `call'
activesupport (5.2.3) lib/active_support/cache/strategy/local_cache_middleware.rb:29:in `call'
actionpack (5.2.3) lib/action_dispatch/middleware/executor.rb:14:in `call'
actionpack (5.2.3) lib/action_dispatch/middleware/static.rb:127:in `call'
rack (2.0.7) lib/rack/sendfile.rb:111:in `call'
railties (5.2.3) lib/rails/engine.rb:524:in `call'
puma (3.12.1) lib/puma/configuration.rb:227:in `call'
puma (3.12.1) lib/puma/server.rb:660:in `handle_request'
puma (3.12.1) lib/puma/server.rb:474:in `process_client'
puma (3.12.1) lib/puma/server.rb:334:in `block in run'
puma (3.12.1) lib/puma/thread_pool.rb:135:in `block in spawn_thread'
Started GET "/session/new" for ::1 at 2019-05-02 16:12:02 -0400
  
ActionController::RoutingError (No route matches [GET] "/session/new"):
  
actionpack (5.2.3) lib/action_dispatch/middleware/debug_exceptions.rb:65:in `call'
web-console (3.7.0) lib/web_console/middleware.rb:135:in `call_app'
web-console (3.7.0) lib/web_console/middleware.rb:30:in `block in call'
web-console (3.7.0) lib/web_console/middleware.rb:20:in `catch'
web-console (3.7.0) lib/web_console/middleware.rb:20:in `call'
actionpack (5.2.3) lib/action_dispatch/middleware/show_exceptions.rb:33:in `call'
railties (5.2.3) lib/rails/rack/logger.rb:38:in `call_app'
railties (5.2.3) lib/rails/rack/logger.rb:26:in `block in call'
activesupport (5.2.3) lib/active_support/tagged_logging.rb:71:in `block in tagged'
activesupport (5.2.3) lib/active_support/tagged_logging.rb:28:in `tagged'
activesupport (5.2.3) lib/active_support/tagged_logging.rb:71:in `tagged'
railties (5.2.3) lib/rails/rack/logger.rb:26:in `call'
sprockets-rails (3.2.1) lib/sprockets/rails/quiet_assets.rb:13:in `call'
actionpack (5.2.3) lib/action_dispatch/middleware/remote_ip.rb:81:in `call'
actionpack (5.2.3) lib/action_dispatch/middleware/request_id.rb:27:in `call'
rack (2.0.7) lib/rack/method_override.rb:22:in `call'
rack (2.0.7) lib/rack/runtime.rb:22:in `call'
activesupport (5.2.3) lib/active_support/cache/strategy/local_cache_middleware.rb:29:in `call'
actionpack (5.2.3) lib/action_dispatch/middleware/executor.rb:14:in `call'
actionpack (5.2.3) lib/action_dispatch/middleware/static.rb:127:in `call'
rack (2.0.7) lib/rack/sendfile.rb:111:in `call'
railties (5.2.3) lib/rails/engine.rb:524:in `call'
puma (3.12.1) lib/puma/configuration.rb:227:in `call'
puma (3.12.1) lib/puma/server.rb:660:in `handle_request'
puma (3.12.1) lib/puma/server.rb:474:in `process_client'
puma (3.12.1) lib/puma/server.rb:334:in `block in run'
puma (3.12.1) lib/puma/thread_pool.rb:135:in `block in spawn_thread'
Started GET "/usersnew" for ::1 at 2019-05-02 16:12:11 -0400
  
ActionController::RoutingError (No route matches [GET] "/usersnew"):
  
actionpack (5.2.3) lib/action_dispatch/middleware/debug_exceptions.rb:65:in `call'
web-console (3.7.0) lib/web_console/middleware.rb:135:in `call_app'
web-console (3.7.0) lib/web_console/middleware.rb:30:in `block in call'
web-console (3.7.0) lib/web_console/middleware.rb:20:in `catch'
web-console (3.7.0) lib/web_console/middleware.rb:20:in `call'
actionpack (5.2.3) lib/action_dispatch/middleware/show_exceptions.rb:33:in `call'
railties (5.2.3) lib/rails/rack/logger.rb:38:in `call_app'
railties (5.2.3) lib/rails/rack/logger.rb:26:in `block in call'
activesupport (5.2.3) lib/active_support/tagged_logging.rb:71:in `block in tagged'
activesupport (5.2.3) lib/active_support/tagged_logging.rb:28:in `tagged'
activesupport (5.2.3) lib/active_support/tagged_logging.rb:71:in `tagged'
railties (5.2.3) lib/rails/rack/logger.rb:26:in `call'
sprockets-rails (3.2.1) lib/sprockets/rails/quiet_assets.rb:13:in `call'
actionpack (5.2.3) lib/action_dispatch/middleware/remote_ip.rb:81:in `call'
actionpack (5.2.3) lib/action_dispatch/middleware/request_id.rb:27:in `call'
rack (2.0.7) lib/rack/method_override.rb:22:in `call'
rack (2.0.7) lib/rack/runtime.rb:22:in `call'
activesupport (5.2.3) lib/active_support/cache/strategy/local_cache_middleware.rb:29:in `call'
actionpack (5.2.3) lib/action_dispatch/middleware/executor.rb:14:in `call'
actionpack (5.2.3) lib/action_dispatch/middleware/static.rb:127:in `call'
rack (2.0.7) lib/rack/sendfile.rb:111:in `call'
railties (5.2.3) lib/rails/engine.rb:524:in `call'
puma (3.12.1) lib/puma/configuration.rb:227:in `call'
puma (3.12.1) lib/puma/server.rb:660:in `handle_request'
puma (3.12.1) lib/puma/server.rb:474:in `process_client'
puma (3.12.1) lib/puma/server.rb:334:in `block in run'
puma (3.12.1) lib/puma/thread_pool.rb:135:in `block in spawn_thread'
Started GET "/users/new" for ::1 at 2019-05-02 16:12:16 -0400
  
ActionController::RoutingError (No route matches [GET] "/users/new"):
  
actionpack (5.2.3) lib/action_dispatch/middleware/debug_exceptions.rb:65:in `call'
web-console (3.7.0) lib/web_console/middleware.rb:135:in `call_app'
web-console (3.7.0) lib/web_console/middleware.rb:30:in `block in call'
web-console (3.7.0) lib/web_console/middleware.rb:20:in `catch'
web-console (3.7.0) lib/web_console/middleware.rb:20:in `call'
actionpack (5.2.3) lib/action_dispatch/middleware/show_exceptions.rb:33:in `call'
railties (5.2.3) lib/rails/rack/logger.rb:38:in `call_app'
railties (5.2.3) lib/rails/rack/logger.rb:26:in `block in call'
activesupport (5.2.3) lib/active_support/tagged_logging.rb:71:in `block in tagged'
activesupport (5.2.3) lib/active_support/tagged_logging.rb:28:in `tagged'
activesupport (5.2.3) lib/active_support/tagged_logging.rb:71:in `tagged'
railties (5.2.3) lib/rails/rack/logger.rb:26:in `call'
sprockets-rails (3.2.1) lib/sprockets/rails/quiet_assets.rb:13:in `call'
actionpack (5.2.3) lib/action_dispatch/middleware/remote_ip.rb:81:in `call'
actionpack (5.2.3) lib/action_dispatch/middleware/request_id.rb:27:in `call'
rack (2.0.7) lib/rack/method_override.rb:22:in `call'
rack (2.0.7) lib/rack/runtime.rb:22:in `call'
activesupport (5.2.3) lib/active_support/cache/strategy/local_cache_middleware.rb:29:in `call'
actionpack (5.2.3) lib/action_dispatch/middleware/executor.rb:14:in `call'
actionpack (5.2.3) lib/action_dispatch/middleware/static.rb:127:in `call'
rack (2.0.7) lib/rack/sendfile.rb:111:in `call'
railties (5.2.3) lib/rails/engine.rb:524:in `call'
puma (3.12.1) lib/puma/configuration.rb:227:in `call'
puma (3.12.1) lib/puma/server.rb:660:in `handle_request'
puma (3.12.1) lib/puma/server.rb:474:in `process_client'
puma (3.12.1) lib/puma/server.rb:334:in `block in run'
puma (3.12.1) lib/puma/thread_pool.rb:135:in `block in spawn_thread'
Started GET "/users/new" for ::1 at 2019-05-02 16:14:43 -0400
Processing by UsersController#new as HTML
  Rendering users/new.html.erb within layouts/application
  Rendered users/new.html.erb within layouts/application (1.1ms)
Completed 200 OK in 242ms (Views: 163.9ms | ActiveRecord: 30.5ms)


Started GET "/session/new" for ::1 at 2019-05-02 16:14:52 -0400
Processing by SessionsController#new as HTML
  Rendering sessions/new.html.erb within layouts/application
  Rendered sessions/new.html.erb within layouts/application (1.1ms)
Completed 200 OK in 80ms (Views: 78.9ms | ActiveRecord: 0.0ms)


Started POST "/session" for ::1 at 2019-05-02 16:14:58 -0400
Processing by SessionsController#create as HTML
  Parameters: {"authenticity_token"=>"SMXJ+p5SSehhIP/kauZAz0LGWb0cyZwSKwbdA5rpo/5B7GDPV1Nn6bVkr4bJ2guqPg32/SLc5tIDw/UTiIXDKg==", "user"=>{"email"=>"swag@swag.swag", "password"=>"[FILTERED]"}}
  [1m[36mUser Load (1.1ms)[0m  [1m[34mSELECT  "users".* FROM "users" WHERE "users"."email" IS NULL LIMIT $1[0m  [["LIMIT", 1]]
  ↳ app/models/user.rb:23
  Rendering sessions/new.html.erb within layouts/application
  Rendered sessions/new.html.erb within layouts/application (1.1ms)
Completed 200 OK in 37ms (Views: 30.8ms | ActiveRecord: 1.7ms)


Started GET "/bands" for ::1 at 2019-05-02 16:16:28 -0400
  
ActionController::RoutingError (uninitialized constant BandsController):
  
bootsnap (1.4.4) lib/bootsnap/load_path_cache/core_ext/active_support.rb:79:in `block in load_missing_constant'
bootsnap (1.4.4) lib/bootsnap/load_path_cache/core_ext/active_support.rb:8:in `without_bootsnap_cache'
bootsnap (1.4.4) lib/bootsnap/load_path_cache/core_ext/active_support.rb:79:in `rescue in load_missing_constant'
bootsnap (1.4.4) lib/bootsnap/load_path_cache/core_ext/active_support.rb:58:in `load_missing_constant'
activesupport (5.2.3) lib/active_support/inflector/methods.rb:283:in `const_get'
activesupport (5.2.3) lib/active_support/inflector/methods.rb:283:in `block in constantize'
activesupport (5.2.3) lib/active_support/inflector/methods.rb:281:in `each'
activesupport (5.2.3) lib/active_support/inflector/methods.rb:281:in `inject'
activesupport (5.2.3) lib/active_support/inflector/methods.rb:281:in `constantize'
actionpack (5.2.3) lib/action_dispatch/http/request.rb:88:in `controller_class_for'
actionpack (5.2.3) lib/action_dispatch/http/request.rb:81:in `controller_class'
actionpack (5.2.3) lib/action_dispatch/routing/route_set.rb:46:in `controller'
actionpack (5.2.3) lib/action_dispatch/routing/route_set.rb:32:in `serve'
actionpack (5.2.3) lib/action_dispatch/journey/router.rb:52:in `block in serve'
actionpack (5.2.3) lib/action_dispatch/journey/router.rb:35:in `each'
actionpack (5.2.3) lib/action_dispatch/journey/router.rb:35:in `serve'
actionpack (5.2.3) lib/action_dispatch/routing/route_set.rb:840:in `call'
rack (2.0.7) lib/rack/tempfile_reaper.rb:15:in `call'
rack (2.0.7) lib/rack/etag.rb:25:in `call'
rack (2.0.7) lib/rack/conditional_get.rb:25:in `call'
rack (2.0.7) lib/rack/head.rb:12:in `call'
actionpack (5.2.3) lib/action_dispatch/http/content_security_policy.rb:18:in `call'
rack (2.0.7) lib/rack/session/abstract/id.rb:232:in `context'
rack (2.0.7) lib/rack/session/abstract/id.rb:226:in `call'
actionpack (5.2.3) lib/action_dispatch/middleware/cookies.rb:670:in `call'
activerecord (5.2.3) lib/active_record/migration.rb:559:in `call'
actionpack (5.2.3) lib/action_dispatch/middleware/callbacks.rb:28:in `block in call'
activesupport (5.2.3) lib/active_support/callbacks.rb:98:in `run_callbacks'
actionpack (5.2.3) lib/action_dispatch/middleware/callbacks.rb:26:in `call'
actionpack (5.2.3) lib/action_dispatch/middleware/executor.rb:14:in `call'
actionpack (5.2.3) lib/action_dispatch/middleware/debug_exceptions.rb:61:in `call'
web-console (3.7.0) lib/web_console/middleware.rb:135:in `call_app'
web-console (3.7.0) lib/web_console/middleware.rb:30:in `block in call'
web-console (3.7.0) lib/web_console/middleware.rb:20:in `catch'
web-console (3.7.0) lib/web_console/middleware.rb:20:in `call'
actionpack (5.2.3) lib/action_dispatch/middleware/show_exceptions.rb:33:in `call'
railties (5.2.3) lib/rails/rack/logger.rb:38:in `call_app'
railties (5.2.3) lib/rails/rack/logger.rb:26:in `block in call'
activesupport (5.2.3) lib/active_support/tagged_logging.rb:71:in `block in tagged'
activesupport (5.2.3) lib/active_support/tagged_logging.rb:28:in `tagged'
activesupport (5.2.3) lib/active_support/tagged_logging.rb:71:in `tagged'
railties (5.2.3) lib/rails/rack/logger.rb:26:in `call'
sprockets-rails (3.2.1) lib/sprockets/rails/quiet_assets.rb:13:in `call'
actionpack (5.2.3) lib/action_dispatch/middleware/remote_ip.rb:81:in `call'
actionpack (5.2.3) lib/action_dispatch/middleware/request_id.rb:27:in `call'
rack (2.0.7) lib/rack/method_override.rb:22:in `call'
rack (2.0.7) lib/rack/runtime.rb:22:in `call'
activesupport (5.2.3) lib/active_support/cache/strategy/local_cache_middleware.rb:29:in `call'
actionpack (5.2.3) lib/action_dispatch/middleware/executor.rb:14:in `call'
actionpack (5.2.3) lib/action_dispatch/middleware/static.rb:127:in `call'
rack (2.0.7) lib/rack/sendfile.rb:111:in `call'
railties (5.2.3) lib/rails/engine.rb:524:in `call'
puma (3.12.1) lib/puma/configuration.rb:227:in `call'
puma (3.12.1) lib/puma/server.rb:660:in `handle_request'
puma (3.12.1) lib/puma/server.rb:474:in `process_client'
puma (3.12.1) lib/puma/server.rb:334:in `block in run'
puma (3.12.1) lib/puma/thread_pool.rb:135:in `block in spawn_thread'
Started GET "/users" for ::1 at 2019-05-02 16:26:14 -0400
  
ActionController::RoutingError (No route matches [GET] "/users"):
  
actionpack (5.2.3) lib/action_dispatch/middleware/debug_exceptions.rb:65:in `call'
web-console (3.7.0) lib/web_console/middleware.rb:135:in `call_app'
web-console (3.7.0) lib/web_console/middleware.rb:30:in `block in call'
web-console (3.7.0) lib/web_console/middleware.rb:20:in `catch'
web-console (3.7.0) lib/web_console/middleware.rb:20:in `call'
actionpack (5.2.3) lib/action_dispatch/middleware/show_exceptions.rb:33:in `call'
railties (5.2.3) lib/rails/rack/logger.rb:38:in `call_app'
railties (5.2.3) lib/rails/rack/logger.rb:26:in `block in call'
activesupport (5.2.3) lib/active_support/tagged_logging.rb:71:in `block in tagged'
activesupport (5.2.3) lib/active_support/tagged_logging.rb:28:in `tagged'
activesupport (5.2.3) lib/active_support/tagged_logging.rb:71:in `tagged'
railties (5.2.3) lib/rails/rack/logger.rb:26:in `call'
sprockets-rails (3.2.1) lib/sprockets/rails/quiet_assets.rb:13:in `call'
actionpack (5.2.3) lib/action_dispatch/middleware/remote_ip.rb:81:in `call'
actionpack (5.2.3) lib/action_dispatch/middleware/request_id.rb:27:in `call'
rack (2.0.7) lib/rack/method_override.rb:22:in `call'
rack (2.0.7) lib/rack/runtime.rb:22:in `call'
activesupport (5.2.3) lib/active_support/cache/strategy/local_cache_middleware.rb:29:in `call'
actionpack (5.2.3) lib/action_dispatch/middleware/executor.rb:14:in `call'
actionpack (5.2.3) lib/action_dispatch/middleware/static.rb:127:in `call'
rack (2.0.7) lib/rack/sendfile.rb:111:in `call'
railties (5.2.3) lib/rails/engine.rb:524:in `call'
puma (3.12.1) lib/puma/configuration.rb:227:in `call'
puma (3.12.1) lib/puma/server.rb:660:in `handle_request'
puma (3.12.1) lib/puma/server.rb:474:in `process_client'
puma (3.12.1) lib/puma/server.rb:334:in `block in run'
puma (3.12.1) lib/puma/thread_pool.rb:135:in `block in spawn_thread'
Started GET "/users/new" for ::1 at 2019-05-02 16:26:20 -0400
Processing by UsersController#new as HTML
  Rendering users/new.html.erb within layouts/application
  Rendered users/new.html.erb within layouts/application (1.1ms)
Completed 500 Internal Server Error in 199ms (ActiveRecord: 16.3ms)


  
ActionView::Template::Error (Asset was not declared to be precompiled in production.
Add `Rails.application.config.assets.precompile += %w( style.css )` to `config/initializers/assets.rb` and restart your server):
     5:     <%= csrf_meta_tags %>
     6:     <%= csp_meta_tag %>
     7: 
     8:     <%= stylesheet_link_tag 'style'%>
     9:     <%= stylesheet_link_tag    'application', media: 'all', 'data-turbolinks-track': 'reload' %>
    10:     <%= javascript_include_tag 'application', 'data-turbolinks-track': 'reload' %>
    11:   </head>
  
app/views/layouts/application.html.erb:8:in `_app_views_layouts_application_html_erb___3931522240956879999_70223971036440'
app/controllers/users_controller.rb:4:in `new'
Started GET "/users/new" for ::1 at 2019-05-02 16:40:20 -0400
  [1m[35m (24.2ms)[0m  [1m[34mSELECT "schema_migrations"."version" FROM "schema_migrations" ORDER BY "schema_migrations"."version" ASC[0m
  ↳ /Users/aa/.rbenv/versions/2.5.1/lib/ruby/gems/2.5.0/gems/activerecord-5.2.3/lib/active_record/log_subscriber.rb:98
Processing by UsersController#new as HTML
  Rendering users/new.html.erb within layouts/application
  Rendered users/new.html.erb within layouts/application (2.0ms)
Completed 200 OK in 551ms (Views: 493.4ms | ActiveRecord: 11.8ms)


Started GET "/session/new" for ::1 at 2019-05-02 16:40:28 -0400
Processing by SessionsController#new as HTML
  Rendering sessions/new.html.erb within layouts/application
  Rendered sessions/new.html.erb within layouts/application (1.0ms)
Completed 200 OK in 92ms (Views: 90.6ms | ActiveRecord: 0.0ms)


Started POST "/session" for ::1 at 2019-05-02 16:40:33 -0400
Processing by SessionsController#create as HTML
  Parameters: {"authenticity_token"=>"7GAUXMQemOfoUc1vjYbbqxMAoFI1CRzykdPygZTJLiTlSb1pDR+25jwVnQ0uupDOb8sPEgscZjK5FtqRhqVO8A==", "user"=>{"email"=>"swag@swag.swag", "password"=>"[FILTERED]"}}
  [1m[36mUser Load (1.2ms)[0m  [1m[34mSELECT  "users".* FROM "users" WHERE "users"."email" IS NULL LIMIT $1[0m  [["LIMIT", 1]]
  ↳ app/models/user.rb:23
  Rendering sessions/new.html.erb within layouts/application
  Rendered sessions/new.html.erb within layouts/application (1.0ms)
Completed 200 OK in 49ms (Views: 27.2ms | ActiveRecord: 2.4ms)


Started POST "/session" for ::1 at 2019-05-02 16:40:45 -0400
Processing by SessionsController#create as HTML
  Parameters: {"authenticity_token"=>"JxEJEIxEKB1w37UzTMmCSovqm7nChLh5PPQSZkfvT1MuOKAlRUUGHKSb5VHv9ckv9yE0+fyRwrkUMTp2VYMvhw==", "user"=>{"email"=>"asdfad", "password"=>"[FILTERED]"}}
  [1m[36mUser Load (0.6ms)[0m  [1m[34mSELECT  "users".* FROM "users" WHERE "users"."email" IS NULL LIMIT $1[0m  [["LIMIT", 1]]
  ↳ app/models/user.rb:23
  Rendering sessions/new.html.erb within layouts/application
  Rendered sessions/new.html.erb within layouts/application (0.6ms)
Completed 200 OK in 32ms (Views: 29.4ms | ActiveRecord: 0.6ms)


Started GET "/session" for ::1 at 2019-05-02 16:44:24 -0400
  
ActionController::RoutingError (No route matches [GET] "/session"):
  
actionpack (5.2.3) lib/action_dispatch/middleware/debug_exceptions.rb:65:in `call'
web-console (3.7.0) lib/web_console/middleware.rb:135:in `call_app'
web-console (3.7.0) lib/web_console/middleware.rb:30:in `block in call'
web-console (3.7.0) lib/web_console/middleware.rb:20:in `catch'
web-console (3.7.0) lib/web_console/middleware.rb:20:in `call'
actionpack (5.2.3) lib/action_dispatch/middleware/show_exceptions.rb:33:in `call'
railties (5.2.3) lib/rails/rack/logger.rb:38:in `call_app'
railties (5.2.3) lib/rails/rack/logger.rb:26:in `block in call'
activesupport (5.2.3) lib/active_support/tagged_logging.rb:71:in `block in tagged'
activesupport (5.2.3) lib/active_support/tagged_logging.rb:28:in `tagged'
activesupport (5.2.3) lib/active_support/tagged_logging.rb:71:in `tagged'
railties (5.2.3) lib/rails/rack/logger.rb:26:in `call'
sprockets-rails (3.2.1) lib/sprockets/rails/quiet_assets.rb:13:in `call'
actionpack (5.2.3) lib/action_dispatch/middleware/remote_ip.rb:81:in `call'
actionpack (5.2.3) lib/action_dispatch/middleware/request_id.rb:27:in `call'
rack (2.0.7) lib/rack/method_override.rb:22:in `call'
rack (2.0.7) lib/rack/runtime.rb:22:in `call'
activesupport (5.2.3) lib/active_support/cache/strategy/local_cache_middleware.rb:29:in `call'
actionpack (5.2.3) lib/action_dispatch/middleware/executor.rb:14:in `call'
actionpack (5.2.3) lib/action_dispatch/middleware/static.rb:127:in `call'
rack (2.0.7) lib/rack/sendfile.rb:111:in `call'
railties (5.2.3) lib/rails/engine.rb:524:in `call'
puma (3.12.1) lib/puma/configuration.rb:227:in `call'
puma (3.12.1) lib/puma/server.rb:660:in `handle_request'
puma (3.12.1) lib/puma/server.rb:474:in `process_client'
puma (3.12.1) lib/puma/server.rb:334:in `block in run'
puma (3.12.1) lib/puma/thread_pool.rb:135:in `block in spawn_thread'
Started GET "/session/new" for ::1 at 2019-05-02 16:44:30 -0400
Processing by SessionsController#new as HTML
  Rendering sessions/new.html.erb within layouts/application
  Rendered sessions/new.html.erb within layouts/application (1.0ms)
Completed 200 OK in 344ms (Views: 343.2ms | ActiveRecord: 0.0ms)


Started GET "/session/new" for ::1 at 2019-05-02 16:50:27 -0400
Processing by SessionsController#new as HTML
  Rendering sessions/new.html.erb within layouts/application
  Rendered sessions/new.html.erb within layouts/application (12.9ms)
Completed 200 OK in 290ms (Views: 281.5ms | ActiveRecord: 0.0ms)


Started GET "/session/new" for ::1 at 2019-05-02 16:54:51 -0400
Processing by SessionsController#new as HTML
  Rendering sessions/new.html.erb within layouts/application
  Rendered sessions/new.html.erb within layouts/application (1.1ms)
Completed 200 OK in 197ms (Views: 195.9ms | ActiveRecord: 0.0ms)


Started POST "/session" for ::1 at 2019-05-02 16:55:01 -0400
Processing by SessionsController#create as HTML
  Parameters: {"authenticity_token"=>"Ql6Fam3wSIm4Zt87IRIDUKgUX8FX7m1yB145TDuEf9RLdyxfpPFmiGwij1mCLkg11N/wgWn7F7IvmxFcKegfAA==", "user"=>{"email"=>"swag@swag.swag", "password"=>"[FILTERED]"}}
  [1m[36mUser Load (1.1ms)[0m  [1m[34mSELECT  "users".* FROM "users" WHERE "users"."email" IS NULL LIMIT $1[0m  [["LIMIT", 1]]
  ↳ app/models/user.rb:23
  Rendering sessions/new.html.erb within layouts/application
  Rendered sessions/new.html.erb within layouts/application (1.2ms)
Completed 200 OK in 101ms (Views: 85.5ms | ActiveRecord: 2.0ms)


Started POST "/session" for ::1 at 2019-05-02 16:55:24 -0400
Processing by SessionsController#create as HTML
  Parameters: {"authenticity_token"=>"5y5TeRqbe/TDv8CAHFuwITKtBvqvAvqU6a1Dj3mMKjfuB/pM05pV9Rf7kOK/Z/tETmapupEXgFTBaGufa+BK4w==", "user"=>{"email"=>"gunsnroses1990@yahoo.com", "password"=>"[FILTERED]"}}
  [1m[36mUser Load (0.6ms)[0m  [1m[34mSELECT  "users".* FROM "users" WHERE "users"."email" IS NULL LIMIT $1[0m  [["LIMIT", 1]]
  ↳ app/models/user.rb:23
  Rendering sessions/new.html.erb within layouts/application
  Rendered sessions/new.html.erb within layouts/application (1.1ms)
Completed 200 OK in 47ms (Views: 42.8ms | ActiveRecord: 0.6ms)


Started GET "/users/new" for ::1 at 2019-05-02 17:05:18 -0400
Processing by UsersController#new as HTML
  Rendering users/new.html.erb within layouts/application
  Rendered users/new.html.erb within layouts/application (7.2ms)
Completed 200 OK in 256ms (Views: 242.2ms | ActiveRecord: 0.0ms)


Started POST "/users" for ::1 at 2019-05-02 17:05:32 -0400
Processing by UsersController#create as HTML
  Parameters: {"authenticity_token"=>"aF2jL3ti7yFY2va80VLj6S6xm16kDyb1LCKVaPgZ6PdhdAoasmPBIIyept5ybqiMUno0HpoaXDUE57146nWIIw==", "user"=>{"email"=>"somebody", "password"=>"[FILTERED]"}}
  [1m[35m (0.3ms)[0m  [1m[35mBEGIN[0m
  ↳ app/controllers/users_controller.rb:10
  [1m[36mUser Exists (1.7ms)[0m  [1m[34mSELECT  1 AS one FROM "users" WHERE "users"."email" = $1 LIMIT $2[0m  [["email", "somebody"], ["LIMIT", 1]]
  ↳ app/controllers/users_controller.rb:10
  [1m[36mUser Exists (2.3ms)[0m  [1m[34mSELECT  1 AS one FROM "users" WHERE "users"."session_token" = $1 LIMIT $2[0m  [["session_token", "c7e00R54EmdxT8yk93UIDA"], ["LIMIT", 1]]
  ↳ app/controllers/users_controller.rb:10
  [1m[36mUser Create (9.6ms)[0m  [1m[32mINSERT INTO "users" ("email", "password_digest", "session_token", "created_at", "updated_at") VALUES ($1, $2, $3, $4, $5) RETURNING "id"[0m  [["email", "somebody"], ["password_digest", "$2a$10$KoapNr9nfH9l0vwD48b./ewgipVyp0ZfW0ycY0dvBAilfaih3syE2"], ["session_token", "c7e00R54EmdxT8yk93UIDA"], ["created_at", "2019-05-02 21:05:32.791673"], ["updated_at", "2019-05-02 21:05:32.791673"]]
  ↳ app/controllers/users_controller.rb:10
  [1m[35m (1.3ms)[0m  [1m[35mCOMMIT[0m
  ↳ app/controllers/users_controller.rb:10
  [1m[35m (1.1ms)[0m  [1m[35mBEGIN[0m
  ↳ app/models/user.rb:29
  [1m[36mUser Exists (1.1ms)[0m  [1m[34mSELECT  1 AS one FROM "users" WHERE "users"."email" = $1 AND "users"."id" != $2 LIMIT $3[0m  [["email", "somebody"], ["id", 4], ["LIMIT", 1]]
  ↳ app/models/user.rb:29
  [1m[36mUser Exists (3.3ms)[0m  [1m[34mSELECT  1 AS one FROM "users" WHERE "users"."session_token" = $1 AND "users"."id" != $2 LIMIT $3[0m  [["session_token", "0KyG0RWZdEXg1gWzDC5nJQ"], ["id", 4], ["LIMIT", 1]]
  ↳ app/models/user.rb:29
  [1m[36mUser Update (3.9ms)[0m  [1m[33mUPDATE "users" SET "session_token" = $1, "updated_at" = $2 WHERE "users"."id" = $3[0m  [["session_token", "0KyG0RWZdEXg1gWzDC5nJQ"], ["updated_at", "2019-05-02 21:05:32.854018"], ["id", 4]]
  ↳ app/models/user.rb:29
  [1m[35m (5.8ms)[0m  [1m[35mCOMMIT[0m
  ↳ app/models/user.rb:29
Redirected to http://localhost:3000/bands
Completed 302 Found in 205ms (ActiveRecord: 30.3ms)


Started GET "/bands" for ::1 at 2019-05-02 17:05:32 -0400
  
AbstractController::ActionNotFound (The action 'index' could not be found for BandsController):
  
actionpack (5.2.3) lib/abstract_controller/base.rb:129:in `process'
actionview (5.2.3) lib/action_view/rendering.rb:32:in `process'
actionpack (5.2.3) lib/action_controller/metal.rb:191:in `dispatch'
actionpack (5.2.3) lib/action_controller/metal.rb:252:in `dispatch'
actionpack (5.2.3) lib/action_dispatch/routing/route_set.rb:52:in `dispatch'
actionpack (5.2.3) lib/action_dispatch/routing/route_set.rb:34:in `serve'
actionpack (5.2.3) lib/action_dispatch/journey/router.rb:52:in `block in serve'
actionpack (5.2.3) lib/action_dispatch/journey/router.rb:35:in `each'
actionpack (5.2.3) lib/action_dispatch/journey/router.rb:35:in `serve'
actionpack (5.2.3) lib/action_dispatch/routing/route_set.rb:840:in `call'
rack (2.0.7) lib/rack/tempfile_reaper.rb:15:in `call'
rack (2.0.7) lib/rack/etag.rb:25:in `call'
rack (2.0.7) lib/rack/conditional_get.rb:25:in `call'
rack (2.0.7) lib/rack/head.rb:12:in `call'
actionpack (5.2.3) lib/action_dispatch/http/content_security_policy.rb:18:in `call'
rack (2.0.7) lib/rack/session/abstract/id.rb:232:in `context'
rack (2.0.7) lib/rack/session/abstract/id.rb:226:in `call'
actionpack (5.2.3) lib/action_dispatch/middleware/cookies.rb:670:in `call'
activerecord (5.2.3) lib/active_record/migration.rb:559:in `call'
actionpack (5.2.3) lib/action_dispatch/middleware/callbacks.rb:28:in `block in call'
activesupport (5.2.3) lib/active_support/callbacks.rb:98:in `run_callbacks'
actionpack (5.2.3) lib/action_dispatch/middleware/callbacks.rb:26:in `call'
actionpack (5.2.3) lib/action_dispatch/middleware/executor.rb:14:in `call'
actionpack (5.2.3) lib/action_dispatch/middleware/debug_exceptions.rb:61:in `call'
web-console (3.7.0) lib/web_console/middleware.rb:135:in `call_app'
web-console (3.7.0) lib/web_console/middleware.rb:30:in `block in call'
web-console (3.7.0) lib/web_console/middleware.rb:20:in `catch'
web-console (3.7.0) lib/web_console/middleware.rb:20:in `call'
actionpack (5.2.3) lib/action_dispatch/middleware/show_exceptions.rb:33:in `call'
railties (5.2.3) lib/rails/rack/logger.rb:38:in `call_app'
railties (5.2.3) lib/rails/rack/logger.rb:26:in `block in call'
activesupport (5.2.3) lib/active_support/tagged_logging.rb:71:in `block in tagged'
activesupport (5.2.3) lib/active_support/tagged_logging.rb:28:in `tagged'
activesupport (5.2.3) lib/active_support/tagged_logging.rb:71:in `tagged'
railties (5.2.3) lib/rails/rack/logger.rb:26:in `call'
sprockets-rails (3.2.1) lib/sprockets/rails/quiet_assets.rb:13:in `call'
actionpack (5.2.3) lib/action_dispatch/middleware/remote_ip.rb:81:in `call'
actionpack (5.2.3) lib/action_dispatch/middleware/request_id.rb:27:in `call'
rack (2.0.7) lib/rack/method_override.rb:22:in `call'
rack (2.0.7) lib/rack/runtime.rb:22:in `call'
activesupport (5.2.3) lib/active_support/cache/strategy/local_cache_middleware.rb:29:in `call'
actionpack (5.2.3) lib/action_dispatch/middleware/executor.rb:14:in `call'
actionpack (5.2.3) lib/action_dispatch/middleware/static.rb:127:in `call'
rack (2.0.7) lib/rack/sendfile.rb:111:in `call'
railties (5.2.3) lib/rails/engine.rb:524:in `call'
puma (3.12.1) lib/puma/configuration.rb:227:in `call'
puma (3.12.1) lib/puma/server.rb:660:in `handle_request'
puma (3.12.1) lib/puma/server.rb:474:in `process_client'
puma (3.12.1) lib/puma/server.rb:334:in `block in run'
puma (3.12.1) lib/puma/thread_pool.rb:135:in `block in spawn_thread'
